#
# There is insufficient memory for the Java Runtime Environment to continue.
# Native memory allocation (mmap) failed to map 449839104 bytes for committing reserved memory.
# Possible reasons:
#   The system is out of physical RAM or swap space
#   The process is running with CompressedOops enabled, and the Java Heap may be blocking the growth of the native heap
# Possible solutions:
#   Reduce memory load on the system
#   Increase physical memory or swap space
#   Check if swap backing store is full
#   Decrease Java heap size (-Xmx/-Xms)
#   Decrease number of Java threads
#   Decrease Java thread stack sizes (-Xss)
#   Set larger code cache with -XX:ReservedCodeCacheSize=
#   JVM is running with Unscaled Compressed Oops mode in which the Java heap is
#     placed in the first 4GB address space. The Java Heap base address is the
#     maximum limit for the native heap growth. Please use -XX:HeapBaseMinAddress
#     to set the Java Heap base and to place the Java Heap above 4GB virtual address.
# This output file may be truncated or incomplete.
#
#  Out of Memory Error (os_linux.cpp:2706), pid=26517, tid=26535
#
# JRE version: OpenJDK Runtime Environment (10.0.2+13) (build 10.0.2+13-Ubuntu-1ubuntu0.18.04.4)
# Java VM: OpenJDK 64-Bit Server VM (10.0.2+13-Ubuntu-1ubuntu0.18.04.4, mixed mode, tiered, compressed oops, g1 gc, linux-amd64)
# Core dump will be written. Default location: Core dumps may be processed with "/usr/share/apport/apport %p %s %c %d %P" (or dumping to /home/jordan/Desktop/JakjmWorkspace/EECS 2011 Skip List/core.26517)
#

---------------  S U M M A R Y ------------

Command Line: -ea -Dfile.encoding=UTF-8 org.eclipse.jdt.internal.junit.runner.RemoteTestRunner -version 3 -port 42015 -testLoaderClass org.eclipse.jdt.internal.junit5.runner.JUnit5TestLoader -loaderpluginname org.eclipse.jdt.junit5.runtime -classNames SkipTest

Host: Intel(R) Core(TM) i5-2520M CPU @ 2.50GHz, 4 cores, 5G, Linux Mint 19 Tara
Time: Sat Feb 16 12:12:23 2019 EST elapsed time: 9 seconds (0d 0h 0m 9s)

---------------  T H R E A D  ---------------

Current thread (0x00007fd2a4103000):  VMThread "VM Thread" [stack: 0x00007fd2885f4000,0x00007fd2886f4000] [id=26535]

Stack: [0x00007fd2885f4000,0x00007fd2886f4000],  sp=0x00007fd2886f20a0,  free space=1016k
Native frames: (J=compiled Java code, A=aot compiled Java code, j=interpreted, Vv=VM code, C=native code)
V  [libjvm.so+0xd27ea4]
V  [libjvm.so+0xd28a4b]
V  [libjvm.so+0x64d415]
V  [libjvm.so+0xb2d7c8]
V  [libjvm.so+0xb2601d]
V  [libjvm.so+0x7662ff]
V  [libjvm.so+0x76653e]
V  [libjvm.so+0x769500]
V  [libjvm.so+0x7efa1c]
V  [libjvm.so+0x7f06df]
V  [libjvm.so+0x7f0b59]
V  [libjvm.so+0x7162cf]
V  [libjvm.so+0x71a3ba]
V  [libjvm.so+0xd3a008]
V  [libjvm.so+0xd38871]
V  [libjvm.so+0xd35b3b]
V  [libjvm.so+0xd3715e]
V  [libjvm.so+0xd37588]
V  [libjvm.so+0xb33d40]

VM_Operation (0x00007fd2ad4fdc30): G1IncCollectionPause, mode: safepoint, requested by thread 0x00007fd2a4012000


---------------  P R O C E S S  ---------------

Threads class SMR info:
_java_thread_list=0x00007fd2a42dcc80, length=11, elements={
0x00007fd2a4012000, 0x00007fd2a410d000, 0x00007fd2a410f000, 0x00007fd2a4118000,
0x00007fd2a4122800, 0x00007fd2a4124800, 0x00007fd2a4126800, 0x00007fd2a4128000,
0x00007fd2a4187800, 0x00007fd2a419d800, 0x00007fd2a42de000
}

Java Threads: ( => current thread )
  0x00007fd2a4012000 JavaThread "main" [_thread_blocked, id=26522, stack(0x00007fd2ad400000,0x00007fd2ad501000)]
  0x00007fd2a410d000 JavaThread "Reference Handler" daemon [_thread_blocked, id=26536, stack(0x00007fd2884f1000,0x00007fd2885f2000)]
  0x00007fd2a410f000 JavaThread "Finalizer" daemon [_thread_blocked, id=26537, stack(0x00007fd2883f0000,0x00007fd2884f1000)]
  0x00007fd2a4118000 JavaThread "Signal Dispatcher" daemon [_thread_blocked, id=26538, stack(0x00007fd288011000,0x00007fd288112000)]
  0x00007fd2a4122800 JavaThread "C2 CompilerThread0" daemon [_thread_blocked, id=26539, stack(0x00007fd2716ff000,0x00007fd271800000)]
  0x00007fd2a4124800 JavaThread "C2 CompilerThread1" daemon [_thread_blocked, id=26540, stack(0x00007fd2715fe000,0x00007fd2716ff000)]
  0x00007fd2a4126800 JavaThread "C1 CompilerThread2" daemon [_thread_blocked, id=26541, stack(0x00007fd2714fd000,0x00007fd2715fe000)]
  0x00007fd2a4128000 JavaThread "Sweeper thread" daemon [_thread_blocked, id=26542, stack(0x00007fd2713fc000,0x00007fd2714fd000)]
  0x00007fd2a4187800 JavaThread "Service Thread" daemon [_thread_blocked, id=26543, stack(0x00007fd2712fb000,0x00007fd2713fc000)]
  0x00007fd2a419d800 JavaThread "Common-Cleaner" daemon [_thread_blocked, id=26545, stack(0x00007fd2710f8000,0x00007fd2711f9000)]
  0x00007fd2a42de000 JavaThread "ReaderThread" [_thread_in_native, id=26546, stack(0x00007fd27079a000,0x00007fd27089b000)]

Other Threads:
=>0x00007fd2a4103000 VMThread "VM Thread" [stack: 0x00007fd2885f4000,0x00007fd2886f4000] [id=26535]
  0x00007fd2a418a000 WatcherThread [stack: 0x00007fd2711fb000,0x00007fd2712fb000] [id=26544]
  0x00007fd2a4028800 GCTaskThread "GC Thread#0" [stack: 0x00007fd2a952e000,0x00007fd2a962e000] [id=26524]
  0x00007fd2a402a000 GCTaskThread "GC Thread#1" [stack: 0x00007fd2a942c000,0x00007fd2a952c000] [id=26525]
  0x00007fd2a402c000 GCTaskThread "GC Thread#2" [stack: 0x00007fd2a932a000,0x00007fd2a942a000] [id=26526]
  0x00007fd2a402d800 GCTaskThread "GC Thread#3" [stack: 0x00007fd2a9228000,0x00007fd2a9328000] [id=26527]
  0x00007fd2a404d800 ConcurrentGCThread "G1 Main Marker" [stack: 0x00007fd2a8491000,0x00007fd2a8591000] [id=26528]
  0x00007fd2a404f800 ConcurrentGCThread "G1 Conc#0" [stack: 0x00007fd2a838f000,0x00007fd2a848f000] [id=26529]
  0x00007fd2a409b800 ConcurrentGCThread "G1 Refine#0" [stack: 0x00007fd288b74000,0x00007fd288c74000] [id=26530]
  0x00007fd2a409d800 ConcurrentGCThread "G1 Refine#1" [stack: 0x00007fd288a72000,0x00007fd288b72000] [id=26531]
  0x00007fd2a409f000 ConcurrentGCThread "G1 Refine#2" [stack: 0x00007fd288970000,0x00007fd288a70000] [id=26532]
  0x00007fd2a40a1000 ConcurrentGCThread "G1 Refine#3" [stack: 0x00007fd28886e000,0x00007fd28896e000] [id=26533]
  0x00007fd2a40a2800 ConcurrentGCThread "G1 Young RemSet Sampling" [stack: 0x00007fd28876c000,0x00007fd28886c000] [id=26534]

Threads with active compile tasks:

VM state:at safepoint (normal execution)

VM Mutex/Monitor currently owned by a thread:  ([mutex/lock_event])
[0x00007fd2a400e910] Threads_lock - owner thread: 0x00007fd2a4103000
[0x00007fd2a400eeb0] Heap_lock - owner thread: 0x00007fd2a4012000

Heap address: 0x00000000a4a00000, size: 1462 MB, Compressed Oops mode: 32-bit
Narrow klass base: 0x0000000000000000, Narrow klass shift: 3
Compressed class space size: 1073741824 Address: 0x0000000100000000

Heap:
 garbage-first heap   total 839680K, used 222208K [0x00000000a4a00000, 0x0000000100000000)
  region size 1024K, 3 young (3072K), 3 survivors (3072K)
 Metaspace       used 12896K, capacity 13287K, committed 13568K, reserved 1060864K
  class space    used 1262K, capacity 1446K, committed 1536K, reserved 1048576K
Heap Regions: E=young(eden), S=young(survivor), O=old, HS=humongous(starts), HC=humongous(continues), CS=collection set, F=free, A=archive, TS=gc time stamp, AC=allocation context, TAMS=top-at-mark-start (previous, next)
|   0|0x00000000a4a00000, 0x00000000a4b00000, 0x00000000a4b00000|100%| O|  |TS  0|AC  0|TAMS 0x00000000a4b00000, 0x00000000a4b00000|
|   1|0x00000000a4b00000, 0x00000000a4c00000, 0x00000000a4c00000|100%| O|  |TS  0|AC  0|TAMS 0x00000000a4c00000, 0x00000000a4c00000|
|   2|0x00000000a4c00000, 0x00000000a4d00000, 0x00000000a4d00000|100%| O|  |TS  0|AC  0|TAMS 0x00000000a4d00000, 0x00000000a4d00000|
|   3|0x00000000a4d00000, 0x00000000a4e00000, 0x00000000a4e00000|100%| O|  |TS  0|AC  0|TAMS 0x00000000a4e00000, 0x00000000a4e00000|
|   4|0x00000000a4e00000, 0x00000000a4f00000, 0x00000000a4f00000|100%| O|  |TS  0|AC  0|TAMS 0x00000000a4f00000, 0x00000000a4f00000|
|   5|0x00000000a4f00000, 0x00000000a5000000, 0x00000000a5000000|100%| O|  |TS  0|AC  0|TAMS 0x00000000a5000000, 0x00000000a5000000|
|   6|0x00000000a5000000, 0x00000000a5100000, 0x00000000a5100000|100%| O|  |TS  0|AC  0|TAMS 0x00000000a5100000, 0x00000000a5100000|
|   7|0x00000000a5100000, 0x00000000a5200000, 0x00000000a5200000|100%| O|  |TS  0|AC  0|TAMS 0x00000000a5200000, 0x00000000a5200000|
|   8|0x00000000a5200000, 0x00000000a5300000, 0x00000000a5300000|100%| O|  |TS  0|AC  0|TAMS 0x00000000a5300000, 0x00000000a5300000|
|   9|0x00000000a5300000, 0x00000000a5400000, 0x00000000a5400000|100%| O|  |TS  0|AC  0|TAMS 0x00000000a5400000, 0x00000000a5400000|
|  10|0x00000000a5400000, 0x00000000a5500000, 0x00000000a5500000|100%| O|  |TS  0|AC  0|TAMS 0x00000000a5500000, 0x00000000a5500000|
|  11|0x00000000a5500000, 0x00000000a5600000, 0x00000000a5600000|100%| O|  |TS  0|AC  0|TAMS 0x00000000a5600000, 0x00000000a5600000|
|  12|0x00000000a5600000, 0x00000000a5700000, 0x00000000a5700000|100%| O|  |TS  0|AC  0|TAMS 0x00000000a5700000, 0x00000000a5700000|
|  13|0x00000000a5700000, 0x00000000a5800000, 0x00000000a5800000|100%| O|  |TS  0|AC  0|TAMS 0x00000000a5800000, 0x00000000a5800000|
|  14|0x00000000a5800000, 0x00000000a5900000, 0x00000000a5900000|100%| O|  |TS  0|AC  0|TAMS 0x00000000a5900000, 0x00000000a5900000|
|  15|0x00000000a5900000, 0x00000000a5a00000, 0x00000000a5a00000|100%| O|  |TS  0|AC  0|TAMS 0x00000000a5a00000, 0x00000000a5a00000|
|  16|0x00000000a5a00000, 0x00000000a5b00000, 0x00000000a5b00000|100%| O|  |TS  0|AC  0|TAMS 0x00000000a5b00000, 0x00000000a5b00000|
|  17|0x00000000a5b00000, 0x00000000a5c00000, 0x00000000a5c00000|100%| O|  |TS  0|AC  0|TAMS 0x00000000a5c00000, 0x00000000a5c00000|
|  18|0x00000000a5c00000, 0x00000000a5d00000, 0x00000000a5d00000|100%| O|  |TS  0|AC  0|TAMS 0x00000000a5d00000, 0x00000000a5d00000|
|  19|0x00000000a5d00000, 0x00000000a5e00000, 0x00000000a5e00000|100%| O|  |TS  0|AC  0|TAMS 0x00000000a5e00000, 0x00000000a5e00000|
|  20|0x00000000a5e00000, 0x00000000a5f00000, 0x00000000a5f00000|100%| O|  |TS  0|AC  0|TAMS 0x00000000a5f00000, 0x00000000a5f00000|
|  21|0x00000000a5f00000, 0x00000000a6000000, 0x00000000a6000000|100%| O|  |TS  0|AC  0|TAMS 0x00000000a6000000, 0x00000000a6000000|
|  22|0x00000000a6000000, 0x00000000a6100000, 0x00000000a6100000|100%| O|  |TS  0|AC  0|TAMS 0x00000000a6100000, 0x00000000a6100000|
|  23|0x00000000a6100000, 0x00000000a6200000, 0x00000000a6200000|100%| O|  |TS  0|AC  0|TAMS 0x00000000a6200000, 0x00000000a6200000|
|  24|0x00000000a6200000, 0x00000000a6300000, 0x00000000a6300000|100%| O|  |TS  0|AC  0|TAMS 0x00000000a6300000, 0x00000000a6300000|
|  25|0x00000000a6300000, 0x00000000a6400000, 0x00000000a6400000|100%| O|  |TS  0|AC  0|TAMS 0x00000000a6400000, 0x00000000a6400000|
|  26|0x00000000a6400000, 0x00000000a6500000, 0x00000000a6500000|100%| O|  |TS  0|AC  0|TAMS 0x00000000a6500000, 0x00000000a6500000|
|  27|0x00000000a6500000, 0x00000000a6600000, 0x00000000a6600000|100%| O|  |TS  0|AC  0|TAMS 0x00000000a6600000, 0x00000000a6600000|
|  28|0x00000000a6600000, 0x00000000a6700000, 0x00000000a6700000|100%| O|  |TS  0|AC  0|TAMS 0x00000000a6700000, 0x00000000a6700000|
|  29|0x00000000a6700000, 0x00000000a6800000, 0x00000000a6800000|100%| O|  |TS  0|AC  0|TAMS 0x00000000a6800000, 0x00000000a6800000|
|  30|0x00000000a6800000, 0x00000000a6900000, 0x00000000a6900000|100%| O|  |TS  0|AC  0|TAMS 0x00000000a6900000, 0x00000000a6900000|
|  31|0x00000000a6900000, 0x00000000a6a00000, 0x00000000a6a00000|100%| O|  |TS  0|AC  0|TAMS 0x00000000a6a00000, 0x00000000a6a00000|
|  32|0x00000000a6a00000, 0x00000000a6b00000, 0x00000000a6b00000|100%| O|  |TS  0|AC  0|TAMS 0x00000000a6b00000, 0x00000000a6b00000|
|  33|0x00000000a6b00000, 0x00000000a6c00000, 0x00000000a6c00000|100%| O|  |TS  0|AC  0|TAMS 0x00000000a6c00000, 0x00000000a6c00000|
|  34|0x00000000a6c00000, 0x00000000a6d00000, 0x00000000a6d00000|100%| O|  |TS  0|AC  0|TAMS 0x00000000a6c80000, 0x00000000a6c80000|
|  35|0x00000000a6d00000, 0x00000000a6e00000, 0x00000000a6e00000|100%| O|  |TS  0|AC  0|TAMS 0x00000000a6d00000, 0x00000000a6d00000|
|  36|0x00000000a6e00000, 0x00000000a6f00000, 0x00000000a6f00000|100%| O|  |TS  0|AC  0|TAMS 0x00000000a6e00000, 0x00000000a6e00000|
|  37|0x00000000a6f00000, 0x00000000a7000000, 0x00000000a7000000|100%| O|  |TS  0|AC  0|TAMS 0x00000000a7000000, 0x00000000a7000000|
|  38|0x00000000a7000000, 0x00000000a7100000, 0x00000000a7100000|100%| O|  |TS  0|AC  0|TAMS 0x00000000a7100000, 0x00000000a7100000|
|  39|0x00000000a7100000, 0x00000000a7200000, 0x00000000a7200000|100%| O|  |TS  0|AC  0|TAMS 0x00000000a7200000, 0x00000000a7200000|
|  40|0x00000000a7200000, 0x00000000a7300000, 0x00000000a7300000|100%| O|  |TS  0|AC  0|TAMS 0x00000000a7300000, 0x00000000a7300000|
|  41|0x00000000a7300000, 0x00000000a7400000, 0x00000000a7400000|100%| O|  |TS  0|AC  0|TAMS 0x00000000a7400000, 0x00000000a7400000|
|  42|0x00000000a7400000, 0x00000000a7500000, 0x00000000a7500000|100%| O|  |TS  0|AC  0|TAMS 0x00000000a7500000, 0x00000000a7500000|
|  43|0x00000000a7500000, 0x00000000a7600000, 0x00000000a7600000|100%| O|  |TS  0|AC  0|TAMS 0x00000000a7600000, 0x00000000a7600000|
|  44|0x00000000a7600000, 0x00000000a7700000, 0x00000000a7700000|100%| O|  |TS  0|AC  0|TAMS 0x00000000a7700000, 0x00000000a7700000|
|  45|0x00000000a7700000, 0x00000000a7800000, 0x00000000a7800000|100%| O|  |TS  0|AC  0|TAMS 0x00000000a7800000, 0x00000000a7800000|
|  46|0x00000000a7800000, 0x00000000a7900000, 0x00000000a7900000|100%| O|  |TS  0|AC  0|TAMS 0x00000000a7900000, 0x00000000a7900000|
|  47|0x00000000a7900000, 0x00000000a7a00000, 0x00000000a7a00000|100%| O|  |TS  0|AC  0|TAMS 0x00000000a7a00000, 0x00000000a7a00000|
|  48|0x00000000a7a00000, 0x00000000a7b00000, 0x00000000a7b00000|100%| O|  |TS  0|AC  0|TAMS 0x00000000a7b00000, 0x00000000a7b00000|
|  49|0x00000000a7b00000, 0x00000000a7c00000, 0x00000000a7c00000|100%| O|  |TS  0|AC  0|TAMS 0x00000000a7c00000, 0x00000000a7c00000|
|  50|0x00000000a7c00000, 0x00000000a7d00000, 0x00000000a7d00000|100%| O|  |TS  0|AC  0|TAMS 0x00000000a7d00000, 0x00000000a7d00000|
|  51|0x00000000a7d00000, 0x00000000a7e00000, 0x00000000a7e00000|100%| O|  |TS  0|AC  0|TAMS 0x00000000a7e00000, 0x00000000a7e00000|
|  52|0x00000000a7e00000, 0x00000000a7f00000, 0x00000000a7f00000|100%| O|  |TS  0|AC  0|TAMS 0x00000000a7f00000, 0x00000000a7f00000|
|  53|0x00000000a7f00000, 0x00000000a8000000, 0x00000000a8000000|100%| O|  |TS  0|AC  0|TAMS 0x00000000a8000000, 0x00000000a8000000|
|  54|0x00000000a8000000, 0x00000000a8100000, 0x00000000a8100000|100%| O|  |TS  0|AC  0|TAMS 0x00000000a8100000, 0x00000000a8100000|
|  55|0x00000000a8100000, 0x00000000a8200000, 0x00000000a8200000|100%| O|  |TS  0|AC  0|TAMS 0x00000000a8200000, 0x00000000a8200000|
|  56|0x00000000a8200000, 0x00000000a8300000, 0x00000000a8300000|100%| O|  |TS  0|AC  0|TAMS 0x00000000a8200000, 0x00000000a8200000|
|  57|0x00000000a8300000, 0x00000000a8400000, 0x00000000a8400000|100%| O|  |TS  0|AC  0|TAMS 0x00000000a8300000, 0x00000000a8300000|
|  58|0x00000000a8400000, 0x00000000a8500000, 0x00000000a8500000|100%| O|  |TS  0|AC  0|TAMS 0x00000000a8400000, 0x00000000a8400000|
|  59|0x00000000a8500000, 0x00000000a8600000, 0x00000000a8600000|100%| O|  |TS  0|AC  0|TAMS 0x00000000a8500000, 0x00000000a8500000|
|  60|0x00000000a8600000, 0x00000000a8700000, 0x00000000a8700000|100%| O|  |TS  0|AC  0|TAMS 0x00000000a8600000, 0x00000000a8600000|
|  61|0x00000000a8700000, 0x00000000a8800000, 0x00000000a8800000|100%| O|  |TS  0|AC  0|TAMS 0x00000000a8700000, 0x00000000a8700000|
|  62|0x00000000a8800000, 0x00000000a8900000, 0x00000000a8900000|100%| O|  |TS  0|AC  0|TAMS 0x00000000a8800000, 0x00000000a8800000|
|  63|0x00000000a8900000, 0x00000000a8a00000, 0x00000000a8a00000|100%| O|  |TS  0|AC  0|TAMS 0x00000000a8900000, 0x00000000a8900000|
|  64|0x00000000a8a00000, 0x00000000a8b00000, 0x00000000a8b00000|100%| O|  |TS  0|AC  0|TAMS 0x00000000a8a00000, 0x00000000a8a00000|
|  65|0x00000000a8b00000, 0x00000000a8c00000, 0x00000000a8c00000|100%| O|  |TS  0|AC  0|TAMS 0x00000000a8b00000, 0x00000000a8b00000|
|  66|0x00000000a8c00000, 0x00000000a8d00000, 0x00000000a8d00000|100%| O|  |TS  0|AC  0|TAMS 0x00000000a8c00000, 0x00000000a8c00000|
|  67|0x00000000a8d00000, 0x00000000a8e00000, 0x00000000a8e00000|100%| O|  |TS  0|AC  0|TAMS 0x00000000a8d00000, 0x00000000a8d00000|
|  68|0x00000000a8e00000, 0x00000000a8f00000, 0x00000000a8f00000|100%| O|  |TS  0|AC  0|TAMS 0x00000000a8e00000, 0x00000000a8e00000|
|  69|0x00000000a8f00000, 0x00000000a9000000, 0x00000000a9000000|100%| O|  |TS  0|AC  0|TAMS 0x00000000a8f00000, 0x00000000a8f00000|
|  70|0x00000000a9000000, 0x00000000a9100000, 0x00000000a9100000|100%| O|  |TS  0|AC  0|TAMS 0x00000000a9000000, 0x00000000a9000000|
|  71|0x00000000a9100000, 0x00000000a9200000, 0x00000000a9200000|100%| O|  |TS  0|AC  0|TAMS 0x00000000a9100000, 0x00000000a9100000|
|  72|0x00000000a9200000, 0x00000000a9300000, 0x00000000a9300000|100%| O|  |TS  0|AC  0|TAMS 0x00000000a9200000, 0x00000000a9200000|
|  73|0x00000000a9300000, 0x00000000a9400000, 0x00000000a9400000|100%| O|  |TS  0|AC  0|TAMS 0x00000000a9300000, 0x00000000a9300000|
|  74|0x00000000a9400000, 0x00000000a9500000, 0x00000000a9500000|100%| O|  |TS  0|AC  0|TAMS 0x00000000a9400000, 0x00000000a9400000|
|  75|0x00000000a9500000, 0x00000000a9600000, 0x00000000a9600000|100%| O|  |TS  0|AC  0|TAMS 0x00000000a9500000, 0x00000000a9500000|
|  76|0x00000000a9600000, 0x00000000a9700000, 0x00000000a9700000|100%| O|  |TS  0|AC  0|TAMS 0x00000000a9600000, 0x00000000a9600000|
|  77|0x00000000a9700000, 0x00000000a9800000, 0x00000000a9800000|100%| O|  |TS  0|AC  0|TAMS 0x00000000a9700000, 0x00000000a9700000|
|  78|0x00000000a9800000, 0x00000000a9900000, 0x00000000a9900000|100%| O|  |TS  0|AC  0|TAMS 0x00000000a9800000, 0x00000000a9800000|
|  79|0x00000000a9900000, 0x00000000a9a00000, 0x00000000a9a00000|100%| O|  |TS  0|AC  0|TAMS 0x00000000a9900000, 0x00000000a9900000|
|  80|0x00000000a9a00000, 0x00000000a9b00000, 0x00000000a9b00000|100%| O|  |TS  0|AC  0|TAMS 0x00000000a9a00000, 0x00000000a9a00000|
|  81|0x00000000a9b00000, 0x00000000a9c00000, 0x00000000a9c00000|100%| O|  |TS  0|AC  0|TAMS 0x00000000a9b00000, 0x00000000a9b00000|
|  82|0x00000000a9c00000, 0x00000000a9d00000, 0x00000000a9d00000|100%| O|  |TS  0|AC  0|TAMS 0x00000000a9c00000, 0x00000000a9c00000|
|  83|0x00000000a9d00000, 0x00000000a9e00000, 0x00000000a9e00000|100%| O|  |TS  0|AC  0|TAMS 0x00000000a9d00000, 0x00000000a9d00000|
|  84|0x00000000a9e00000, 0x00000000a9f00000, 0x00000000a9f00000|100%| O|  |TS  0|AC  0|TAMS 0x00000000a9e00000, 0x00000000a9e00000|
|  85|0x00000000a9f00000, 0x00000000aa000000, 0x00000000aa000000|100%| O|  |TS  0|AC  0|TAMS 0x00000000a9f00000, 0x00000000a9f00000|
|  86|0x00000000aa000000, 0x00000000aa100000, 0x00000000aa100000|100%| O|  |TS  0|AC  0|TAMS 0x00000000aa000000, 0x00000000aa000000|
|  87|0x00000000aa100000, 0x00000000aa200000, 0x00000000aa200000|100%| O|  |TS  0|AC  0|TAMS 0x00000000aa100000, 0x00000000aa100000|
|  88|0x00000000aa200000, 0x00000000aa300000, 0x00000000aa300000|100%| O|  |TS  0|AC  0|TAMS 0x00000000aa200000, 0x00000000aa200000|
|  89|0x00000000aa300000, 0x00000000aa400000, 0x00000000aa400000|100%| O|  |TS  0|AC  0|TAMS 0x00000000aa300000, 0x00000000aa300000|
|  90|0x00000000aa400000, 0x00000000aa500000, 0x00000000aa500000|100%| O|  |TS  0|AC  0|TAMS 0x00000000aa400000, 0x00000000aa400000|
|  91|0x00000000aa500000, 0x00000000aa600000, 0x00000000aa600000|100%| O|  |TS  0|AC  0|TAMS 0x00000000aa500000, 0x00000000aa500000|
|  92|0x00000000aa600000, 0x00000000aa700000, 0x00000000aa700000|100%| O|  |TS  0|AC  0|TAMS 0x00000000aa700000, 0x00000000aa700000|
|  93|0x00000000aa700000, 0x00000000aa800000, 0x00000000aa800000|100%| O|  |TS  0|AC  0|TAMS 0x00000000aa800000, 0x00000000aa800000|
|  94|0x00000000aa800000, 0x00000000aa900000, 0x00000000aa900000|100%| O|  |TS  0|AC  0|TAMS 0x00000000aa900000, 0x00000000aa900000|
|  95|0x00000000aa900000, 0x00000000aaa00000, 0x00000000aaa00000|100%| O|  |TS  0|AC  0|TAMS 0x00000000aaa00000, 0x00000000aaa00000|
|  96|0x00000000aaa00000, 0x00000000aab00000, 0x00000000aab00000|100%| O|  |TS  0|AC  0|TAMS 0x00000000aab00000, 0x00000000aab00000|
|  97|0x00000000aab00000, 0x00000000aac00000, 0x00000000aac00000|100%| O|  |TS  0|AC  0|TAMS 0x00000000aac00000, 0x00000000aac00000|
|  98|0x00000000aac00000, 0x00000000aad00000, 0x00000000aad00000|100%| O|  |TS  0|AC  0|TAMS 0x00000000aad00000, 0x00000000aad00000|
|  99|0x00000000aad00000, 0x00000000aae00000, 0x00000000aae00000|100%| O|  |TS  0|AC  0|TAMS 0x00000000aae00000, 0x00000000aae00000|
| 100|0x00000000aae00000, 0x00000000aaf00000, 0x00000000aaf00000|100%| O|  |TS  0|AC  0|TAMS 0x00000000aaf00000, 0x00000000aaf00000|
| 101|0x00000000aaf00000, 0x00000000ab000000, 0x00000000ab000000|100%| O|  |TS  0|AC  0|TAMS 0x00000000ab000000, 0x00000000ab000000|
| 102|0x00000000ab000000, 0x00000000ab100000, 0x00000000ab100000|100%| O|  |TS  0|AC  0|TAMS 0x00000000ab100000, 0x00000000ab100000|
| 103|0x00000000ab100000, 0x00000000ab200000, 0x00000000ab200000|100%| O|  |TS  0|AC  0|TAMS 0x00000000ab200000, 0x00000000ab200000|
| 104|0x00000000ab200000, 0x00000000ab300000, 0x00000000ab300000|100%| O|  |TS  0|AC  0|TAMS 0x00000000ab300000, 0x00000000ab300000|
| 105|0x00000000ab300000, 0x00000000ab400000, 0x00000000ab400000|100%| O|  |TS  0|AC  0|TAMS 0x00000000ab400000, 0x00000000ab400000|
| 106|0x00000000ab400000, 0x00000000ab500000, 0x00000000ab500000|100%| O|  |TS  0|AC  0|TAMS 0x00000000ab400000, 0x00000000ab400000|
| 107|0x00000000ab500000, 0x00000000ab600000, 0x00000000ab600000|100%| O|  |TS  0|AC  0|TAMS 0x00000000ab500000, 0x00000000ab500000|
| 108|0x00000000ab600000, 0x00000000ab700000, 0x00000000ab700000|100%| O|  |TS  0|AC  0|TAMS 0x00000000ab600000, 0x00000000ab600000|
| 109|0x00000000ab700000, 0x00000000ab800000, 0x00000000ab800000|100%| O|  |TS  0|AC  0|TAMS 0x00000000ab700000, 0x00000000ab700000|
| 110|0x00000000ab800000, 0x00000000ab900000, 0x00000000ab900000|100%| O|  |TS  0|AC  0|TAMS 0x00000000ab800000, 0x00000000ab800000|
| 111|0x00000000ab900000, 0x00000000aba00000, 0x00000000aba00000|100%| O|  |TS  0|AC  0|TAMS 0x00000000ab900000, 0x00000000ab900000|
| 112|0x00000000aba00000, 0x00000000abb00000, 0x00000000abb00000|100%| O|  |TS  0|AC  0|TAMS 0x00000000aba00000, 0x00000000aba00000|
| 113|0x00000000abb00000, 0x00000000abc00000, 0x00000000abc00000|100%| O|  |TS  0|AC  0|TAMS 0x00000000abb00000, 0x00000000abb00000|
| 114|0x00000000abc00000, 0x00000000abd00000, 0x00000000abd00000|100%| O|  |TS  0|AC  0|TAMS 0x00000000abc00000, 0x00000000abc00000|
| 115|0x00000000abd00000, 0x00000000abe00000, 0x00000000abe00000|100%| O|  |TS  0|AC  0|TAMS 0x00000000abd00000, 0x00000000abd00000|
| 116|0x00000000abe00000, 0x00000000abf00000, 0x00000000abf00000|100%| O|  |TS  0|AC  0|TAMS 0x00000000abe00000, 0x00000000abe00000|
| 117|0x00000000abf00000, 0x00000000ac000000, 0x00000000ac000000|100%| O|  |TS  0|AC  0|TAMS 0x00000000abf00000, 0x00000000abf00000|
| 118|0x00000000ac000000, 0x00000000ac100000, 0x00000000ac100000|100%| O|  |TS  0|AC  0|TAMS 0x00000000ac000000, 0x00000000ac000000|
| 119|0x00000000ac100000, 0x00000000ac200000, 0x00000000ac200000|100%| O|  |TS  0|AC  0|TAMS 0x00000000ac100000, 0x00000000ac100000|
| 120|0x00000000ac200000, 0x00000000ac300000, 0x00000000ac300000|100%| O|  |TS  0|AC  0|TAMS 0x00000000ac200000, 0x00000000ac200000|
| 121|0x00000000ac300000, 0x00000000ac400000, 0x00000000ac400000|100%| O|  |TS  0|AC  0|TAMS 0x00000000ac300000, 0x00000000ac300000|
| 122|0x00000000ac400000, 0x00000000ac500000, 0x00000000ac500000|100%| O|  |TS  0|AC  0|TAMS 0x00000000ac400000, 0x00000000ac400000|
| 123|0x00000000ac500000, 0x00000000ac600000, 0x00000000ac600000|100%| O|  |TS  0|AC  0|TAMS 0x00000000ac500000, 0x00000000ac500000|
| 124|0x00000000ac600000, 0x00000000ac700000, 0x00000000ac700000|100%| O|  |TS  0|AC  0|TAMS 0x00000000ac600000, 0x00000000ac600000|
| 125|0x00000000ac700000, 0x00000000ac800000, 0x00000000ac800000|100%| O|  |TS  0|AC  0|TAMS 0x00000000ac700000, 0x00000000ac700000|
| 126|0x00000000ac800000, 0x00000000ac900000, 0x00000000ac900000|100%| O|  |TS  0|AC  0|TAMS 0x00000000ac800000, 0x00000000ac800000|
| 127|0x00000000ac900000, 0x00000000aca00000, 0x00000000aca00000|100%| O|  |TS  0|AC  0|TAMS 0x00000000ac900000, 0x00000000ac900000|
| 128|0x00000000aca00000, 0x00000000acb00000, 0x00000000acb00000|100%| O|  |TS  0|AC  0|TAMS 0x00000000aca00000, 0x00000000aca00000|
| 129|0x00000000acb00000, 0x00000000acc00000, 0x00000000acc00000|100%| O|  |TS  0|AC  0|TAMS 0x00000000acb00000, 0x00000000acb00000|
| 130|0x00000000acc00000, 0x00000000acd00000, 0x00000000acd00000|100%| O|  |TS  0|AC  0|TAMS 0x00000000acc00000, 0x00000000acc00000|
| 131|0x00000000acd00000, 0x00000000ace00000, 0x00000000ace00000|100%| O|  |TS  0|AC  0|TAMS 0x00000000acd00000, 0x00000000acd00000|
| 132|0x00000000ace00000, 0x00000000acf00000, 0x00000000acf00000|100%| O|  |TS  0|AC  0|TAMS 0x00000000ace00000, 0x00000000ace00000|
| 133|0x00000000acf00000, 0x00000000ad000000, 0x00000000ad000000|100%| O|  |TS  0|AC  0|TAMS 0x00000000acf00000, 0x00000000acf00000|
| 134|0x00000000ad000000, 0x00000000ad100000, 0x00000000ad100000|100%| O|  |TS  0|AC  0|TAMS 0x00000000ad000000, 0x00000000ad000000|
| 135|0x00000000ad100000, 0x00000000ad200000, 0x00000000ad200000|100%| O|  |TS  0|AC  0|TAMS 0x00000000ad100000, 0x00000000ad100000|
| 136|0x00000000ad200000, 0x00000000ad300000, 0x00000000ad300000|100%| O|  |TS  0|AC  0|TAMS 0x00000000ad200000, 0x00000000ad200000|
| 137|0x00000000ad300000, 0x00000000ad400000, 0x00000000ad400000|100%| O|  |TS  0|AC  0|TAMS 0x00000000ad300000, 0x00000000ad300000|
| 138|0x00000000ad400000, 0x00000000ad500000, 0x00000000ad500000|100%| O|  |TS  0|AC  0|TAMS 0x00000000ad400000, 0x00000000ad400000|
| 139|0x00000000ad500000, 0x00000000ad600000, 0x00000000ad600000|100%| O|  |TS  0|AC  0|TAMS 0x00000000ad500000, 0x00000000ad500000|
| 140|0x00000000ad600000, 0x00000000ad700000, 0x00000000ad700000|100%| O|  |TS  0|AC  0|TAMS 0x00000000ad600000, 0x00000000ad600000|
| 141|0x00000000ad700000, 0x00000000ad800000, 0x00000000ad800000|100%| O|  |TS  0|AC  0|TAMS 0x00000000ad700000, 0x00000000ad700000|
| 142|0x00000000ad800000, 0x00000000ad900000, 0x00000000ad900000|100%| O|  |TS  0|AC  0|TAMS 0x00000000ad800000, 0x00000000ad800000|
| 143|0x00000000ad900000, 0x00000000ada00000, 0x00000000ada00000|100%| O|  |TS  0|AC  0|TAMS 0x00000000ad900000, 0x00000000ad900000|
| 144|0x00000000ada00000, 0x00000000adb00000, 0x00000000adb00000|100%| O|  |TS  0|AC  0|TAMS 0x00000000ada00000, 0x00000000ada00000|
| 145|0x00000000adb00000, 0x00000000adc00000, 0x00000000adc00000|100%| O|  |TS  0|AC  0|TAMS 0x00000000adb00000, 0x00000000adb00000|
| 146|0x00000000adc00000, 0x00000000add00000, 0x00000000add00000|100%| O|  |TS  0|AC  0|TAMS 0x00000000adc00000, 0x00000000adc00000|
| 147|0x00000000add00000, 0x00000000ade00000, 0x00000000ade00000|100%| O|  |TS  0|AC  0|TAMS 0x00000000add00000, 0x00000000add00000|
| 148|0x00000000ade00000, 0x00000000adf00000, 0x00000000adf00000|100%| O|  |TS  0|AC  0|TAMS 0x00000000ade00000, 0x00000000ade00000|
| 149|0x00000000adf00000, 0x00000000ae000000, 0x00000000ae000000|100%| O|  |TS  0|AC  0|TAMS 0x00000000adf00000, 0x00000000adf00000|
| 150|0x00000000ae000000, 0x00000000ae100000, 0x00000000ae100000|100%| O|  |TS  0|AC  0|TAMS 0x00000000ae000000, 0x00000000ae000000|
| 151|0x00000000ae100000, 0x00000000ae200000, 0x00000000ae200000|100%| O|  |TS  0|AC  0|TAMS 0x00000000ae100000, 0x00000000ae100000|
| 152|0x00000000ae200000, 0x00000000ae300000, 0x00000000ae300000|100%| O|  |TS  0|AC  0|TAMS 0x00000000ae200000, 0x00000000ae200000|
| 153|0x00000000ae300000, 0x00000000ae400000, 0x00000000ae400000|100%| O|  |TS  0|AC  0|TAMS 0x00000000ae300000, 0x00000000ae300000|
| 154|0x00000000ae400000, 0x00000000ae500000, 0x00000000ae500000|100%| O|  |TS  0|AC  0|TAMS 0x00000000ae400000, 0x00000000ae400000|
| 155|0x00000000ae500000, 0x00000000ae600000, 0x00000000ae600000|100%| O|  |TS  0|AC  0|TAMS 0x00000000ae500000, 0x00000000ae500000|
| 156|0x00000000ae600000, 0x00000000ae700000, 0x00000000ae700000|100%| O|  |TS  0|AC  0|TAMS 0x00000000ae600000, 0x00000000ae600000|
| 157|0x00000000ae700000, 0x00000000ae800000, 0x00000000ae800000|100%| O|  |TS  0|AC  0|TAMS 0x00000000ae700000, 0x00000000ae700000|
| 158|0x00000000ae800000, 0x00000000ae900000, 0x00000000ae900000|100%| O|  |TS  0|AC  0|TAMS 0x00000000ae800000, 0x00000000ae800000|
| 159|0x00000000ae900000, 0x00000000aea00000, 0x00000000aea00000|100%| O|  |TS  0|AC  0|TAMS 0x00000000ae900000, 0x00000000ae900000|
| 160|0x00000000aea00000, 0x00000000aeb00000, 0x00000000aeb00000|100%| O|  |TS  0|AC  0|TAMS 0x00000000aea00000, 0x00000000aea00000|
| 161|0x00000000aeb00000, 0x00000000aec00000, 0x00000000aec00000|100%| O|  |TS  0|AC  0|TAMS 0x00000000aeb00000, 0x00000000aeb00000|
| 162|0x00000000aec00000, 0x00000000aed00000, 0x00000000aed00000|100%| O|  |TS  0|AC  0|TAMS 0x00000000aec00000, 0x00000000aec00000|
| 163|0x00000000aed00000, 0x00000000aee00000, 0x00000000aee00000|100%| O|  |TS  0|AC  0|TAMS 0x00000000aed00000, 0x00000000aed00000|
| 164|0x00000000aee00000, 0x00000000aef00000, 0x00000000aef00000|100%| O|  |TS  0|AC  0|TAMS 0x00000000aee00000, 0x00000000aee00000|
| 165|0x00000000aef00000, 0x00000000af000000, 0x00000000af000000|100%| O|  |TS  0|AC  0|TAMS 0x00000000aef00000, 0x00000000aef00000|
| 166|0x00000000af000000, 0x00000000af100000, 0x00000000af100000|100%| O|  |TS  0|AC  0|TAMS 0x00000000af000000, 0x00000000af000000|
| 167|0x00000000af100000, 0x00000000af200000, 0x00000000af200000|100%| O|  |TS  0|AC  0|TAMS 0x00000000af100000, 0x00000000af100000|
| 168|0x00000000af200000, 0x00000000af300000, 0x00000000af300000|100%| O|  |TS  0|AC  0|TAMS 0x00000000af200000, 0x00000000af200000|
| 169|0x00000000af300000, 0x00000000af400000, 0x00000000af400000|100%| O|  |TS  0|AC  0|TAMS 0x00000000af300000, 0x00000000af300000|
| 170|0x00000000af400000, 0x00000000af500000, 0x00000000af500000|100%| O|  |TS  0|AC  0|TAMS 0x00000000af400000, 0x00000000af400000|
| 171|0x00000000af500000, 0x00000000af600000, 0x00000000af600000|100%| O|  |TS  0|AC  0|TAMS 0x00000000af500000, 0x00000000af500000|
| 172|0x00000000af600000, 0x00000000af700000, 0x00000000af700000|100%| O|  |TS  0|AC  0|TAMS 0x00000000af600000, 0x00000000af600000|
| 173|0x00000000af700000, 0x00000000af800000, 0x00000000af800000|100%| O|  |TS  1|AC  0|TAMS 0x00000000af700000, 0x00000000af700000|
| 174|0x00000000af800000, 0x00000000af900000, 0x00000000af900000|100%| O|  |TS  1|AC  0|TAMS 0x00000000af800000, 0x00000000af800000|
| 175|0x00000000af900000, 0x00000000afa00000, 0x00000000afa00000|100%| O|  |TS  1|AC  0|TAMS 0x00000000af900000, 0x00000000af900000|
| 176|0x00000000afa00000, 0x00000000afb00000, 0x00000000afb00000|100%| O|  |TS  1|AC  0|TAMS 0x00000000afa00000, 0x00000000afa00000|
| 177|0x00000000afb00000, 0x00000000afc00000, 0x00000000afc00000|100%| O|  |TS  1|AC  0|TAMS 0x00000000afb00000, 0x00000000afb00000|
| 178|0x00000000afc00000, 0x00000000afd00000, 0x00000000afd00000|100%| O|  |TS  1|AC  0|TAMS 0x00000000afc00000, 0x00000000afc00000|
| 179|0x00000000afd00000, 0x00000000afe00000, 0x00000000afe00000|100%| O|  |TS  1|AC  0|TAMS 0x00000000afd00000, 0x00000000afd00000|
| 180|0x00000000afe00000, 0x00000000aff00000, 0x00000000aff00000|100%| O|  |TS  1|AC  0|TAMS 0x00000000afe00000, 0x00000000afe00000|
| 181|0x00000000aff00000, 0x00000000b0000000, 0x00000000b0000000|100%| O|  |TS  1|AC  0|TAMS 0x00000000aff00000, 0x00000000aff00000|
| 182|0x00000000b0000000, 0x00000000b0100000, 0x00000000b0100000|100%| O|  |TS  1|AC  0|TAMS 0x00000000b0000000, 0x00000000b0000000|
| 183|0x00000000b0100000, 0x00000000b0200000, 0x00000000b0200000|100%| O|  |TS  1|AC  0|TAMS 0x00000000b0100000, 0x00000000b0100000|
| 184|0x00000000b0200000, 0x00000000b0300000, 0x00000000b0300000|100%| O|  |TS  1|AC  0|TAMS 0x00000000b0200000, 0x00000000b0200000|
| 185|0x00000000b0300000, 0x00000000b0400000, 0x00000000b0400000|100%| O|  |TS  1|AC  0|TAMS 0x00000000b0300000, 0x00000000b0300000|
| 186|0x00000000b0400000, 0x00000000b0500000, 0x00000000b0500000|100%| O|  |TS  1|AC  0|TAMS 0x00000000b0400000, 0x00000000b0400000|
| 187|0x00000000b0500000, 0x00000000b0600000, 0x00000000b0600000|100%| O|  |TS  1|AC  0|TAMS 0x00000000b0500000, 0x00000000b0500000|
| 188|0x00000000b0600000, 0x00000000b0700000, 0x00000000b0700000|100%| O|  |TS  1|AC  0|TAMS 0x00000000b0600000, 0x00000000b0600000|
| 189|0x00000000b0700000, 0x00000000b0800000, 0x00000000b0800000|100%| O|  |TS  1|AC  0|TAMS 0x00000000b0700000, 0x00000000b0700000|
| 190|0x00000000b0800000, 0x00000000b0900000, 0x00000000b0900000|100%| O|  |TS  1|AC  0|TAMS 0x00000000b0800000, 0x00000000b0800000|
| 191|0x00000000b0900000, 0x00000000b0a00000, 0x00000000b0a00000|100%| O|  |TS  1|AC  0|TAMS 0x00000000b0900000, 0x00000000b0900000|
| 192|0x00000000b0a00000, 0x00000000b0b00000, 0x00000000b0b00000|100%| O|  |TS  1|AC  0|TAMS 0x00000000b0a00000, 0x00000000b0a00000|
| 193|0x00000000b0b00000, 0x00000000b0c00000, 0x00000000b0c00000|100%| O|  |TS  1|AC  0|TAMS 0x00000000b0b00000, 0x00000000b0b00000|
| 194|0x00000000b0c00000, 0x00000000b0d00000, 0x00000000b0d00000|100%| O|  |TS  1|AC  0|TAMS 0x00000000b0c00000, 0x00000000b0c00000|
| 195|0x00000000b0d00000, 0x00000000b0e00000, 0x00000000b0e00000|100%| O|  |TS  1|AC  0|TAMS 0x00000000b0d00000, 0x00000000b0d00000|
| 196|0x00000000b0e00000, 0x00000000b0f00000, 0x00000000b0f00000|100%| O|  |TS  1|AC  0|TAMS 0x00000000b0e00000, 0x00000000b0e00000|
| 197|0x00000000b0f00000, 0x00000000b1000000, 0x00000000b1000000|100%| O|  |TS  2|AC  0|TAMS 0x00000000b0f00000, 0x00000000b0f00000|
| 198|0x00000000b1000000, 0x00000000b1100000, 0x00000000b1100000|100%| O|  |TS  2|AC  0|TAMS 0x00000000b1000000, 0x00000000b1000000|
| 199|0x00000000b1100000, 0x00000000b1200000, 0x00000000b1200000|100%| O|  |TS  2|AC  0|TAMS 0x00000000b1100000, 0x00000000b1100000|
| 200|0x00000000b1200000, 0x00000000b1300000, 0x00000000b1300000|100%| O|  |TS  2|AC  0|TAMS 0x00000000b1200000, 0x00000000b1200000|
| 201|0x00000000b1300000, 0x00000000b1400000, 0x00000000b1400000|100%| O|  |TS  2|AC  0|TAMS 0x00000000b1300000, 0x00000000b1300000|
| 202|0x00000000b1400000, 0x00000000b1500000, 0x00000000b1500000|100%| O|  |TS  2|AC  0|TAMS 0x00000000b1400000, 0x00000000b1400000|
| 203|0x00000000b1500000, 0x00000000b1600000, 0x00000000b1600000|100%| O|  |TS  2|AC  0|TAMS 0x00000000b1500000, 0x00000000b1500000|
| 204|0x00000000b1600000, 0x00000000b1700000, 0x00000000b1700000|100%| O|  |TS  2|AC  0|TAMS 0x00000000b1600000, 0x00000000b1600000|
| 205|0x00000000b1700000, 0x00000000b1800000, 0x00000000b1800000|100%| O|  |TS  2|AC  0|TAMS 0x00000000b1700000, 0x00000000b1700000|
| 206|0x00000000b1800000, 0x00000000b1900000, 0x00000000b1900000|100%| O|  |TS  2|AC  0|TAMS 0x00000000b1800000, 0x00000000b1800000|
| 207|0x00000000b1900000, 0x00000000b1a00000, 0x00000000b1a00000|100%| O|  |TS  2|AC  0|TAMS 0x00000000b1900000, 0x00000000b1900000|
| 208|0x00000000b1a00000, 0x00000000b1b00000, 0x00000000b1b00000|100%| O|  |TS  2|AC  0|TAMS 0x00000000b1a00000, 0x00000000b1a00000|
| 209|0x00000000b1b00000, 0x00000000b1c00000, 0x00000000b1c00000|100%| O|  |TS  2|AC  0|TAMS 0x00000000b1b00000, 0x00000000b1b00000|
| 210|0x00000000b1c00000, 0x00000000b1d00000, 0x00000000b1d00000|100%| O|  |TS  2|AC  0|TAMS 0x00000000b1c00000, 0x00000000b1c00000|
| 211|0x00000000b1d00000, 0x00000000b1e00000, 0x00000000b1e00000|100%| O|  |TS  2|AC  0|TAMS 0x00000000b1d00000, 0x00000000b1d00000|
| 212|0x00000000b1e00000, 0x00000000b1f00000, 0x00000000b1f00000|100%| O|  |TS  2|AC  0|TAMS 0x00000000b1e00000, 0x00000000b1e00000|
| 213|0x00000000b1f00000, 0x00000000b2000000, 0x00000000b2000000|100%| O|  |TS  2|AC  0|TAMS 0x00000000b1f00000, 0x00000000b1f00000|
| 214|0x00000000b2000000, 0x00000000b2000000, 0x00000000b2100000|  0%| F|  |TS  0|AC  0|TAMS 0x00000000b2000000, 0x00000000b2000000|
| 215|0x00000000b2100000, 0x00000000b2100000, 0x00000000b2200000|  0%| F|  |TS  0|AC  0|TAMS 0x00000000b2100000, 0x00000000b2100000|
| 216|0x00000000b2200000, 0x00000000b2200000, 0x00000000b2300000|  0%| F|  |TS  0|AC  0|TAMS 0x00000000b2200000, 0x00000000b2200000|
| 217|0x00000000b2300000, 0x00000000b2300000, 0x00000000b2400000|  0%| F|  |TS  0|AC  0|TAMS 0x00000000b2300000, 0x00000000b2300000|
| 218|0x00000000b2400000, 0x00000000b2400000, 0x00000000b2500000|  0%| F|  |TS  0|AC  0|TAMS 0x00000000b2400000, 0x00000000b2400000|
| 219|0x00000000b2500000, 0x00000000b2500000, 0x00000000b2600000|  0%| F|  |TS  0|AC  0|TAMS 0x00000000b2500000, 0x00000000b2500000|
| 220|0x00000000b2600000, 0x00000000b2600000, 0x00000000b2700000|  0%| F|  |TS  0|AC  0|TAMS 0x00000000b2600000, 0x00000000b2600000|
| 221|0x00000000b2700000, 0x00000000b2700000, 0x00000000b2800000|  0%| F|  |TS  0|AC  0|TAMS 0x00000000b2700000, 0x00000000b2700000|
| 222|0x00000000b2800000, 0x00000000b2800000, 0x00000000b2900000|  0%| F|  |TS  0|AC  0|TAMS 0x00000000b2800000, 0x00000000b2800000|
| 223|0x00000000b2900000, 0x00000000b2900000, 0x00000000b2a00000|  0%| F|  |TS  0|AC  0|TAMS 0x00000000b2900000, 0x00000000b2900000|
| 224|0x00000000b2a00000, 0x00000000b2a00000, 0x00000000b2b00000|  0%| F|  |TS  0|AC  0|TAMS 0x00000000b2a00000, 0x00000000b2a00000|
| 225|0x00000000b2b00000, 0x00000000b2b00000, 0x00000000b2c00000|  0%| F|  |TS  0|AC  0|TAMS 0x00000000b2b00000, 0x00000000b2b00000|
| 226|0x00000000b2c00000, 0x00000000b2c00000, 0x00000000b2d00000|  0%| F|  |TS  0|AC  0|TAMS 0x00000000b2c00000, 0x00000000b2c00000|
| 227|0x00000000b2d00000, 0x00000000b2d00000, 0x00000000b2e00000|  0%| F|  |TS  0|AC  0|TAMS 0x00000000b2d00000, 0x00000000b2d00000|
| 228|0x00000000b2e00000, 0x00000000b2e00000, 0x00000000b2f00000|  0%| F|  |TS  0|AC  0|TAMS 0x00000000b2e00000, 0x00000000b2e00000|
| 229|0x00000000b2f00000, 0x00000000b2f00000, 0x00000000b3000000|  0%| F|  |TS  0|AC  0|TAMS 0x00000000b2f00000, 0x00000000b2f00000|
| 230|0x00000000b3000000, 0x00000000b3000000, 0x00000000b3100000|  0%| F|  |TS  0|AC  0|TAMS 0x00000000b3000000, 0x00000000b3000000|
| 231|0x00000000b3100000, 0x00000000b3100000, 0x00000000b3200000|  0%| F|  |TS  0|AC  0|TAMS 0x00000000b3100000, 0x00000000b3100000|
| 232|0x00000000b3200000, 0x00000000b3200000, 0x00000000b3300000|  0%| F|  |TS  0|AC  0|TAMS 0x00000000b3200000, 0x00000000b3200000|
| 233|0x00000000b3300000, 0x00000000b3300000, 0x00000000b3400000|  0%| F|  |TS  0|AC  0|TAMS 0x00000000b3300000, 0x00000000b3300000|
| 234|0x00000000b3400000, 0x00000000b3400000, 0x00000000b3500000|  0%| F|  |TS  0|AC  0|TAMS 0x00000000b3400000, 0x00000000b3400000|
| 235|0x00000000b3500000, 0x00000000b3500000, 0x00000000b3600000|  0%| F|  |TS  0|AC  0|TAMS 0x00000000b3500000, 0x00000000b3500000|
| 236|0x00000000b3600000, 0x00000000b3600000, 0x00000000b3700000|  0%| F|  |TS  0|AC  0|TAMS 0x00000000b3600000, 0x00000000b3600000|
| 237|0x00000000b3700000, 0x00000000b3700000, 0x00000000b3800000|  0%| F|  |TS  0|AC  0|TAMS 0x00000000b3700000, 0x00000000b3700000|
| 238|0x00000000b3800000, 0x00000000b3800000, 0x00000000b3900000|  0%| F|  |TS  0|AC  0|TAMS 0x00000000b3800000, 0x00000000b3800000|
| 239|0x00000000b3900000, 0x00000000b3900000, 0x00000000b3a00000|  0%| F|  |TS  0|AC  0|TAMS 0x00000000b3900000, 0x00000000b3900000|
| 240|0x00000000b3a00000, 0x00000000b3a00000, 0x00000000b3b00000|  0%| F|  |TS  0|AC  0|TAMS 0x00000000b3a00000, 0x00000000b3a00000|
| 241|0x00000000b3b00000, 0x00000000b3b00000, 0x00000000b3c00000|  0%| F|  |TS  0|AC  0|TAMS 0x00000000b3b00000, 0x00000000b3b00000|
| 242|0x00000000b3c00000, 0x00000000b3c00000, 0x00000000b3d00000|  0%| F|  |TS  0|AC  0|TAMS 0x00000000b3c00000, 0x00000000b3c00000|
| 243|0x00000000b3d00000, 0x00000000b3d00000, 0x00000000b3e00000|  0%| F|  |TS  0|AC  0|TAMS 0x00000000b3d00000, 0x00000000b3d00000|
| 244|0x00000000b3e00000, 0x00000000b3e00000, 0x00000000b3f00000|  0%| F|  |TS  0|AC  0|TAMS 0x00000000b3e00000, 0x00000000b3e00000|
| 245|0x00000000b3f00000, 0x00000000b3f00000, 0x00000000b4000000|  0%| F|  |TS  0|AC  0|TAMS 0x00000000b3f00000, 0x00000000b3f00000|
| 246|0x00000000b4000000, 0x00000000b4000000, 0x00000000b4100000|  0%| F|  |TS  0|AC  0|TAMS 0x00000000b4000000, 0x00000000b4000000|
| 247|0x00000000b4100000, 0x00000000b4100000, 0x00000000b4200000|  0%| F|  |TS  0|AC  0|TAMS 0x00000000b4100000, 0x00000000b4100000|
| 248|0x00000000b4200000, 0x00000000b4200000, 0x00000000b4300000|  0%| F|  |TS  0|AC  0|TAMS 0x00000000b4200000, 0x00000000b4200000|
| 249|0x00000000b4300000, 0x00000000b4300000, 0x00000000b4400000|  0%| F|  |TS  0|AC  0|TAMS 0x00000000b4300000, 0x00000000b4300000|
| 250|0x00000000b4400000, 0x00000000b4400000, 0x00000000b4500000|  0%| F|  |TS  0|AC  0|TAMS 0x00000000b4400000, 0x00000000b4400000|
| 251|0x00000000b4500000, 0x00000000b4500000, 0x00000000b4600000|  0%| F|  |TS  0|AC  0|TAMS 0x00000000b4500000, 0x00000000b4500000|
| 252|0x00000000b4600000, 0x00000000b4600000, 0x00000000b4700000|  0%| F|  |TS  0|AC  0|TAMS 0x00000000b4600000, 0x00000000b4600000|
| 253|0x00000000b4700000, 0x00000000b4700000, 0x00000000b4800000|  0%| F|  |TS  0|AC  0|TAMS 0x00000000b4700000, 0x00000000b4700000|
| 254|0x00000000b4800000, 0x00000000b4800000, 0x00000000b4900000|  0%| F|  |TS  0|AC  0|TAMS 0x00000000b4800000, 0x00000000b4800000|
| 255|0x00000000b4900000, 0x00000000b4900000, 0x00000000b4a00000|  0%| F|  |TS  0|AC  0|TAMS 0x00000000b4900000, 0x00000000b4900000|
| 256|0x00000000b4a00000, 0x00000000b4a00000, 0x00000000b4b00000|  0%| F|  |TS  0|AC  0|TAMS 0x00000000b4a00000, 0x00000000b4a00000|
| 257|0x00000000b4b00000, 0x00000000b4b00000, 0x00000000b4c00000|  0%| F|  |TS  0|AC  0|TAMS 0x00000000b4b00000, 0x00000000b4b00000|
| 258|0x00000000b4c00000, 0x00000000b4c00000, 0x00000000b4d00000|  0%| F|  |TS  0|AC  0|TAMS 0x00000000b4c00000, 0x00000000b4c00000|
| 259|0x00000000b4d00000, 0x00000000b4d00000, 0x00000000b4e00000|  0%| F|  |TS  0|AC  0|TAMS 0x00000000b4d00000, 0x00000000b4d00000|
| 260|0x00000000b4e00000, 0x00000000b4e00000, 0x00000000b4f00000|  0%| F|  |TS  0|AC  0|TAMS 0x00000000b4e00000, 0x00000000b4e00000|
| 261|0x00000000b4f00000, 0x00000000b4f00000, 0x00000000b5000000|  0%| F|  |TS  0|AC  0|TAMS 0x00000000b4f00000, 0x00000000b4f00000|
| 262|0x00000000b5000000, 0x00000000b5000000, 0x00000000b5100000|  0%| F|  |TS  0|AC  0|TAMS 0x00000000b5000000, 0x00000000b5000000|
| 263|0x00000000b5100000, 0x00000000b5100000, 0x00000000b5200000|  0%| F|  |TS  0|AC  0|TAMS 0x00000000b5100000, 0x00000000b5100000|
| 264|0x00000000b5200000, 0x00000000b5200000, 0x00000000b5300000|  0%| F|  |TS  0|AC  0|TAMS 0x00000000b5200000, 0x00000000b5200000|
| 265|0x00000000b5300000, 0x00000000b5300000, 0x00000000b5400000|  0%| F|  |TS  0|AC  0|TAMS 0x00000000b5300000, 0x00000000b5300000|
| 266|0x00000000b5400000, 0x00000000b5400000, 0x00000000b5500000|  0%| F|  |TS  0|AC  0|TAMS 0x00000000b5400000, 0x00000000b5400000|
| 267|0x00000000b5500000, 0x00000000b5500000, 0x00000000b5600000|  0%| F|  |TS  0|AC  0|TAMS 0x00000000b5500000, 0x00000000b5500000|
| 268|0x00000000b5600000, 0x00000000b5600000, 0x00000000b5700000|  0%| F|  |TS  0|AC  0|TAMS 0x00000000b5600000, 0x00000000b5600000|
| 269|0x00000000b5700000, 0x00000000b5700000, 0x00000000b5800000|  0%| F|  |TS  0|AC  0|TAMS 0x00000000b5700000, 0x00000000b5700000|
| 270|0x00000000b5800000, 0x00000000b5800000, 0x00000000b5900000|  0%| F|  |TS  0|AC  0|TAMS 0x00000000b5800000, 0x00000000b5800000|
| 271|0x00000000b5900000, 0x00000000b5900000, 0x00000000b5a00000|  0%| F|  |TS  0|AC  0|TAMS 0x00000000b5900000, 0x00000000b5900000|
| 272|0x00000000b5a00000, 0x00000000b5a00000, 0x00000000b5b00000|  0%| F|  |TS  0|AC  0|TAMS 0x00000000b5a00000, 0x00000000b5a00000|
| 273|0x00000000b5b00000, 0x00000000b5b00000, 0x00000000b5c00000|  0%| F|  |TS  0|AC  0|TAMS 0x00000000b5b00000, 0x00000000b5b00000|
| 274|0x00000000b5c00000, 0x00000000b5c00000, 0x00000000b5d00000|  0%| F|  |TS  0|AC  0|TAMS 0x00000000b5c00000, 0x00000000b5c00000|
| 275|0x00000000b5d00000, 0x00000000b5d00000, 0x00000000b5e00000|  0%| F|  |TS  0|AC  0|TAMS 0x00000000b5d00000, 0x00000000b5d00000|
| 276|0x00000000b5e00000, 0x00000000b5e00000, 0x00000000b5f00000|  0%| F|  |TS  0|AC  0|TAMS 0x00000000b5e00000, 0x00000000b5e00000|
| 277|0x00000000b5f00000, 0x00000000b5f00000, 0x00000000b6000000|  0%| F|  |TS  0|AC  0|TAMS 0x00000000b5f00000, 0x00000000b5f00000|
| 278|0x00000000b6000000, 0x00000000b6000000, 0x00000000b6100000|  0%| F|  |TS  0|AC  0|TAMS 0x00000000b6000000, 0x00000000b6000000|
| 279|0x00000000b6100000, 0x00000000b6100000, 0x00000000b6200000|  0%| F|  |TS  0|AC  0|TAMS 0x00000000b6100000, 0x00000000b6100000|
| 280|0x00000000b6200000, 0x00000000b6200000, 0x00000000b6300000|  0%| F|  |TS  0|AC  0|TAMS 0x00000000b6200000, 0x00000000b6200000|
| 281|0x00000000b6300000, 0x00000000b6300000, 0x00000000b6400000|  0%| F|  |TS  0|AC  0|TAMS 0x00000000b6300000, 0x00000000b6300000|
| 282|0x00000000b6400000, 0x00000000b6400000, 0x00000000b6500000|  0%| F|  |TS  0|AC  0|TAMS 0x00000000b6400000, 0x00000000b6400000|
| 283|0x00000000b6500000, 0x00000000b6500000, 0x00000000b6600000|  0%| F|  |TS  0|AC  0|TAMS 0x00000000b6500000, 0x00000000b6500000|
| 284|0x00000000b6600000, 0x00000000b6600000, 0x00000000b6700000|  0%| F|  |TS  0|AC  0|TAMS 0x00000000b6600000, 0x00000000b6600000|
| 285|0x00000000b6700000, 0x00000000b6700000, 0x00000000b6800000|  0%| F|  |TS  0|AC  0|TAMS 0x00000000b6700000, 0x00000000b6700000|
| 286|0x00000000b6800000, 0x00000000b6800000, 0x00000000b6900000|  0%| F|  |TS  0|AC  0|TAMS 0x00000000b6800000, 0x00000000b6800000|
| 287|0x00000000b6900000, 0x00000000b6900000, 0x00000000b6a00000|  0%| F|  |TS  0|AC  0|TAMS 0x00000000b6900000, 0x00000000b6900000|
| 288|0x00000000b6a00000, 0x00000000b6a00000, 0x00000000b6b00000|  0%| F|  |TS  0|AC  0|TAMS 0x00000000b6a00000, 0x00000000b6a00000|
| 289|0x00000000b6b00000, 0x00000000b6b00000, 0x00000000b6c00000|  0%| F|  |TS  0|AC  0|TAMS 0x00000000b6b00000, 0x00000000b6b00000|
| 290|0x00000000b6c00000, 0x00000000b6c00000, 0x00000000b6d00000|  0%| F|  |TS  0|AC  0|TAMS 0x00000000b6c00000, 0x00000000b6c00000|
| 291|0x00000000b6d00000, 0x00000000b6d00000, 0x00000000b6e00000|  0%| F|  |TS  0|AC  0|TAMS 0x00000000b6d00000, 0x00000000b6d00000|
| 292|0x00000000b6e00000, 0x00000000b6e00000, 0x00000000b6f00000|  0%| F|  |TS  0|AC  0|TAMS 0x00000000b6e00000, 0x00000000b6e00000|
| 293|0x00000000b6f00000, 0x00000000b6f00000, 0x00000000b7000000|  0%| F|  |TS  0|AC  0|TAMS 0x00000000b6f00000, 0x00000000b6f00000|
| 294|0x00000000b7000000, 0x00000000b7000000, 0x00000000b7100000|  0%| F|  |TS  0|AC  0|TAMS 0x00000000b7000000, 0x00000000b7000000|
| 295|0x00000000b7100000, 0x00000000b7100000, 0x00000000b7200000|  0%| F|  |TS  0|AC  0|TAMS 0x00000000b7100000, 0x00000000b7100000|
| 296|0x00000000b7200000, 0x00000000b7200000, 0x00000000b7300000|  0%| F|  |TS  0|AC  0|TAMS 0x00000000b7200000, 0x00000000b7200000|
| 297|0x00000000b7300000, 0x00000000b7300000, 0x00000000b7400000|  0%| F|  |TS  0|AC  0|TAMS 0x00000000b7300000, 0x00000000b7300000|
| 298|0x00000000b7400000, 0x00000000b7400000, 0x00000000b7500000|  0%| F|  |TS  0|AC  0|TAMS 0x00000000b7400000, 0x00000000b7400000|
| 299|0x00000000b7500000, 0x00000000b7500000, 0x00000000b7600000|  0%| F|  |TS  0|AC  0|TAMS 0x00000000b7500000, 0x00000000b7500000|
| 300|0x00000000b7600000, 0x00000000b7600000, 0x00000000b7700000|  0%| F|  |TS  0|AC  0|TAMS 0x00000000b7600000, 0x00000000b7600000|
| 301|0x00000000b7700000, 0x00000000b7700000, 0x00000000b7800000|  0%| F|  |TS  0|AC  0|TAMS 0x00000000b7700000, 0x00000000b7700000|
| 302|0x00000000b7800000, 0x00000000b7800000, 0x00000000b7900000|  0%| F|  |TS  0|AC  0|TAMS 0x00000000b7800000, 0x00000000b7800000|
| 303|0x00000000b7900000, 0x00000000b7900000, 0x00000000b7a00000|  0%| F|  |TS  0|AC  0|TAMS 0x00000000b7900000, 0x00000000b7900000|
| 304|0x00000000b7a00000, 0x00000000b7a00000, 0x00000000b7b00000|  0%| F|  |TS  0|AC  0|TAMS 0x00000000b7a00000, 0x00000000b7a00000|
| 305|0x00000000b7b00000, 0x00000000b7b00000, 0x00000000b7c00000|  0%| F|  |TS  0|AC  0|TAMS 0x00000000b7b00000, 0x00000000b7b00000|
| 306|0x00000000b7c00000, 0x00000000b7c00000, 0x00000000b7d00000|  0%| F|  |TS  0|AC  0|TAMS 0x00000000b7c00000, 0x00000000b7c00000|
| 307|0x00000000b7d00000, 0x00000000b7d00000, 0x00000000b7e00000|  0%| F|  |TS  0|AC  0|TAMS 0x00000000b7d00000, 0x00000000b7d00000|
| 308|0x00000000b7e00000, 0x00000000b7e00000, 0x00000000b7f00000|  0%| F|  |TS  0|AC  0|TAMS 0x00000000b7e00000, 0x00000000b7e00000|
| 309|0x00000000b7f00000, 0x00000000b7f00000, 0x00000000b8000000|  0%| F|  |TS  0|AC  0|TAMS 0x00000000b7f00000, 0x00000000b7f00000|
| 310|0x00000000b8000000, 0x00000000b8000000, 0x00000000b8100000|  0%| F|  |TS  0|AC  0|TAMS 0x00000000b8000000, 0x00000000b8000000|
| 311|0x00000000b8100000, 0x00000000b8100000, 0x00000000b8200000|  0%| F|  |TS  0|AC  0|TAMS 0x00000000b8100000, 0x00000000b8100000|
| 312|0x00000000b8200000, 0x00000000b8200000, 0x00000000b8300000|  0%| F|  |TS  0|AC  0|TAMS 0x00000000b8200000, 0x00000000b8200000|
| 313|0x00000000b8300000, 0x00000000b8300000, 0x00000000b8400000|  0%| F|  |TS  0|AC  0|TAMS 0x00000000b8300000, 0x00000000b8300000|
| 314|0x00000000b8400000, 0x00000000b8400000, 0x00000000b8500000|  0%| F|  |TS  0|AC  0|TAMS 0x00000000b8400000, 0x00000000b8400000|
| 315|0x00000000b8500000, 0x00000000b8500000, 0x00000000b8600000|  0%| F|  |TS  0|AC  0|TAMS 0x00000000b8500000, 0x00000000b8500000|
| 316|0x00000000b8600000, 0x00000000b8600000, 0x00000000b8700000|  0%| F|  |TS  0|AC  0|TAMS 0x00000000b8600000, 0x00000000b8600000|
| 317|0x00000000b8700000, 0x00000000b8700000, 0x00000000b8800000|  0%| F|  |TS  0|AC  0|TAMS 0x00000000b8700000, 0x00000000b8700000|
| 318|0x00000000b8800000, 0x00000000b8800000, 0x00000000b8900000|  0%| F|  |TS  0|AC  0|TAMS 0x00000000b8800000, 0x00000000b8800000|
| 319|0x00000000b8900000, 0x00000000b8900000, 0x00000000b8a00000|  0%| F|  |TS  0|AC  0|TAMS 0x00000000b8900000, 0x00000000b8900000|
| 320|0x00000000b8a00000, 0x00000000b8a00000, 0x00000000b8b00000|  0%| F|  |TS  0|AC  0|TAMS 0x00000000b8a00000, 0x00000000b8a00000|
| 321|0x00000000b8b00000, 0x00000000b8b00000, 0x00000000b8c00000|  0%| F|  |TS  0|AC  0|TAMS 0x00000000b8b00000, 0x00000000b8b00000|
| 322|0x00000000b8c00000, 0x00000000b8c00000, 0x00000000b8d00000|  0%| F|  |TS  0|AC  0|TAMS 0x00000000b8c00000, 0x00000000b8c00000|
| 323|0x00000000b8d00000, 0x00000000b8d00000, 0x00000000b8e00000|  0%| F|  |TS  0|AC  0|TAMS 0x00000000b8d00000, 0x00000000b8d00000|
| 324|0x00000000b8e00000, 0x00000000b8e00000, 0x00000000b8f00000|  0%| F|  |TS  0|AC  0|TAMS 0x00000000b8e00000, 0x00000000b8e00000|
| 325|0x00000000b8f00000, 0x00000000b8f00000, 0x00000000b9000000|  0%| F|  |TS  0|AC  0|TAMS 0x00000000b8f00000, 0x00000000b8f00000|
| 326|0x00000000b9000000, 0x00000000b9000000, 0x00000000b9100000|  0%| F|  |TS  0|AC  0|TAMS 0x00000000b9000000, 0x00000000b9000000|
| 327|0x00000000b9100000, 0x00000000b9100000, 0x00000000b9200000|  0%| F|  |TS  0|AC  0|TAMS 0x00000000b9100000, 0x00000000b9100000|
| 328|0x00000000b9200000, 0x00000000b9200000, 0x00000000b9300000|  0%| F|  |TS  0|AC  0|TAMS 0x00000000b9200000, 0x00000000b9200000|
| 329|0x00000000b9300000, 0x00000000b9300000, 0x00000000b9400000|  0%| F|  |TS  0|AC  0|TAMS 0x00000000b9300000, 0x00000000b9300000|
| 330|0x00000000b9400000, 0x00000000b9400000, 0x00000000b9500000|  0%| F|  |TS  0|AC  0|TAMS 0x00000000b9400000, 0x00000000b9400000|
| 331|0x00000000b9500000, 0x00000000b9500000, 0x00000000b9600000|  0%| F|  |TS  0|AC  0|TAMS 0x00000000b9500000, 0x00000000b9500000|
| 332|0x00000000b9600000, 0x00000000b9600000, 0x00000000b9700000|  0%| F|  |TS  0|AC  0|TAMS 0x00000000b9600000, 0x00000000b9600000|
| 333|0x00000000b9700000, 0x00000000b9700000, 0x00000000b9800000|  0%| F|  |TS  0|AC  0|TAMS 0x00000000b9700000, 0x00000000b9700000|
| 334|0x00000000b9800000, 0x00000000b9800000, 0x00000000b9900000|  0%| F|  |TS  0|AC  0|TAMS 0x00000000b9800000, 0x00000000b9800000|
| 335|0x00000000b9900000, 0x00000000b9900000, 0x00000000b9a00000|  0%| F|  |TS  0|AC  0|TAMS 0x00000000b9900000, 0x00000000b9900000|
| 336|0x00000000b9a00000, 0x00000000b9a00000, 0x00000000b9b00000|  0%| F|  |TS  0|AC  0|TAMS 0x00000000b9a00000, 0x00000000b9a00000|
| 337|0x00000000b9b00000, 0x00000000b9b00000, 0x00000000b9c00000|  0%| F|  |TS  0|AC  0|TAMS 0x00000000b9b00000, 0x00000000b9b00000|
| 338|0x00000000b9c00000, 0x00000000b9c00000, 0x00000000b9d00000|  0%| F|  |TS  0|AC  0|TAMS 0x00000000b9c00000, 0x00000000b9c00000|
| 339|0x00000000b9d00000, 0x00000000b9d00000, 0x00000000b9e00000|  0%| F|  |TS  0|AC  0|TAMS 0x00000000b9d00000, 0x00000000b9d00000|
| 340|0x00000000b9e00000, 0x00000000b9e00000, 0x00000000b9f00000|  0%| F|  |TS  0|AC  0|TAMS 0x00000000b9e00000, 0x00000000b9e00000|
| 341|0x00000000b9f00000, 0x00000000b9f00000, 0x00000000ba000000|  0%| F|  |TS  0|AC  0|TAMS 0x00000000b9f00000, 0x00000000b9f00000|
| 342|0x00000000ba000000, 0x00000000ba000000, 0x00000000ba100000|  0%| F|  |TS  0|AC  0|TAMS 0x00000000ba000000, 0x00000000ba000000|
| 343|0x00000000ba100000, 0x00000000ba100000, 0x00000000ba200000|  0%| F|  |TS  0|AC  0|TAMS 0x00000000ba100000, 0x00000000ba100000|
| 344|0x00000000ba200000, 0x00000000ba200000, 0x00000000ba300000|  0%| F|  |TS  0|AC  0|TAMS 0x00000000ba200000, 0x00000000ba200000|
| 345|0x00000000ba300000, 0x00000000ba300000, 0x00000000ba400000|  0%| F|  |TS  0|AC  0|TAMS 0x00000000ba300000, 0x00000000ba300000|
| 346|0x00000000ba400000, 0x00000000ba400000, 0x00000000ba500000|  0%| F|  |TS  0|AC  0|TAMS 0x00000000ba400000, 0x00000000ba400000|
| 347|0x00000000ba500000, 0x00000000ba500000, 0x00000000ba600000|  0%| F|  |TS  0|AC  0|TAMS 0x00000000ba500000, 0x00000000ba500000|
| 348|0x00000000ba600000, 0x00000000ba600000, 0x00000000ba700000|  0%| F|  |TS  0|AC  0|TAMS 0x00000000ba600000, 0x00000000ba600000|
| 349|0x00000000ba700000, 0x00000000ba700000, 0x00000000ba800000|  0%| F|  |TS  0|AC  0|TAMS 0x00000000ba700000, 0x00000000ba700000|
| 350|0x00000000ba800000, 0x00000000ba800000, 0x00000000ba900000|  0%| F|  |TS  0|AC  0|TAMS 0x00000000ba800000, 0x00000000ba800000|
| 351|0x00000000ba900000, 0x00000000ba900000, 0x00000000baa00000|  0%| F|  |TS  0|AC  0|TAMS 0x00000000ba900000, 0x00000000ba900000|
| 352|0x00000000baa00000, 0x00000000baa00000, 0x00000000bab00000|  0%| F|  |TS  0|AC  0|TAMS 0x00000000baa00000, 0x00000000baa00000|
| 353|0x00000000bab00000, 0x00000000bab00000, 0x00000000bac00000|  0%| F|  |TS  0|AC  0|TAMS 0x00000000bab00000, 0x00000000bab00000|
| 354|0x00000000bac00000, 0x00000000bac00000, 0x00000000bad00000|  0%| F|  |TS  0|AC  0|TAMS 0x00000000bac00000, 0x00000000bac00000|
| 355|0x00000000bad00000, 0x00000000bad00000, 0x00000000bae00000|  0%| F|  |TS  0|AC  0|TAMS 0x00000000bad00000, 0x00000000bad00000|
| 356|0x00000000bae00000, 0x00000000bae00000, 0x00000000baf00000|  0%| F|  |TS  0|AC  0|TAMS 0x00000000bae00000, 0x00000000bae00000|
| 357|0x00000000baf00000, 0x00000000baf00000, 0x00000000bb000000|  0%| F|  |TS  0|AC  0|TAMS 0x00000000baf00000, 0x00000000baf00000|
| 358|0x00000000bb000000, 0x00000000bb000000, 0x00000000bb100000|  0%| F|  |TS  0|AC  0|TAMS 0x00000000bb000000, 0x00000000bb000000|
| 359|0x00000000bb100000, 0x00000000bb100000, 0x00000000bb200000|  0%| F|  |TS  0|AC  0|TAMS 0x00000000bb100000, 0x00000000bb100000|
| 360|0x00000000bb200000, 0x00000000bb200000, 0x00000000bb300000|  0%| F|  |TS  0|AC  0|TAMS 0x00000000bb200000, 0x00000000bb200000|
| 361|0x00000000bb300000, 0x00000000bb300000, 0x00000000bb400000|  0%| F|  |TS  2|AC  0|TAMS 0x00000000bb300000, 0x00000000bb300000|
| 362|0x00000000bb400000, 0x00000000bb400000, 0x00000000bb500000|  0%| F|  |TS  2|AC  0|TAMS 0x00000000bb400000, 0x00000000bb400000|
| 363|0x00000000bb500000, 0x00000000bb500000, 0x00000000bb600000|  0%| F|  |TS  2|AC  0|TAMS 0x00000000bb500000, 0x00000000bb500000|
| 364|0x00000000bb600000, 0x00000000bb600000, 0x00000000bb700000|  0%| F|  |TS  1|AC  0|TAMS 0x00000000bb600000, 0x00000000bb600000|
| 365|0x00000000bb700000, 0x00000000bb700000, 0x00000000bb800000|  0%| F|  |TS  2|AC  0|TAMS 0x00000000bb700000, 0x00000000bb700000|
| 366|0x00000000bb800000, 0x00000000bb800000, 0x00000000bb900000|  0%| F|  |TS  1|AC  0|TAMS 0x00000000bb800000, 0x00000000bb800000|
| 367|0x00000000bb900000, 0x00000000bb900000, 0x00000000bba00000|  0%| F|  |TS  1|AC  0|TAMS 0x00000000bb900000, 0x00000000bb900000|
| 368|0x00000000bba00000, 0x00000000bba00000, 0x00000000bbb00000|  0%| F|  |TS  1|AC  0|TAMS 0x00000000bba00000, 0x00000000bba00000|
| 369|0x00000000bbb00000, 0x00000000bbb00000, 0x00000000bbc00000|  0%| F|  |TS  1|AC  0|TAMS 0x00000000bbb00000, 0x00000000bbb00000|
| 370|0x00000000bbc00000, 0x00000000bbc00000, 0x00000000bbd00000|  0%| F|  |TS  1|AC  0|TAMS 0x00000000bbc00000, 0x00000000bbc00000|
| 371|0x00000000bbd00000, 0x00000000bbd00000, 0x00000000bbe00000|  0%| F|  |TS  1|AC  0|TAMS 0x00000000bbd00000, 0x00000000bbd00000|
| 372|0x00000000bbe00000, 0x00000000bbe00000, 0x00000000bbf00000|  0%| F|  |TS  1|AC  0|TAMS 0x00000000bbe00000, 0x00000000bbe00000|
| 373|0x00000000bbf00000, 0x00000000bc000000, 0x00000000bc000000|100%| S|CS|TS  2|AC  0|TAMS 0x00000000bbf00000, 0x00000000bbf00000|
| 374|0x00000000bc000000, 0x00000000bc100000, 0x00000000bc100000|100%| S|CS|TS  2|AC  0|TAMS 0x00000000bc000000, 0x00000000bc000000|
| 375|0x00000000bc100000, 0x00000000bc200000, 0x00000000bc200000|100%| S|CS|TS  2|AC  0|TAMS 0x00000000bc100000, 0x00000000bc100000|
| 376|0x00000000bc200000, 0x00000000bc200000, 0x00000000bc300000|  0%| F|  |TS  2|AC  0|TAMS 0x00000000bc200000, 0x00000000bc200000|
| 377|0x00000000bc300000, 0x00000000bc300000, 0x00000000bc400000|  0%| F|  |TS  2|AC  0|TAMS 0x00000000bc300000, 0x00000000bc300000|
| 378|0x00000000bc400000, 0x00000000bc400000, 0x00000000bc500000|  0%| F|  |TS  2|AC  0|TAMS 0x00000000bc400000, 0x00000000bc400000|
| 379|0x00000000bc500000, 0x00000000bc500000, 0x00000000bc600000|  0%| F|  |TS  2|AC  0|TAMS 0x00000000bc500000, 0x00000000bc500000|
| 380|0x00000000bc600000, 0x00000000bc600000, 0x00000000bc700000|  0%| F|  |TS  2|AC  0|TAMS 0x00000000bc600000, 0x00000000bc600000|
| 381|0x00000000bc700000, 0x00000000bc700000, 0x00000000bc800000|  0%| F|  |TS  2|AC  0|TAMS 0x00000000bc700000, 0x00000000bc700000|
| 382|0x00000000bc800000, 0x00000000bc800000, 0x00000000bc900000|  0%| F|  |TS  2|AC  0|TAMS 0x00000000bc800000, 0x00000000bc800000|
| 383|0x00000000bc900000, 0x00000000bc900000, 0x00000000bca00000|  0%| F|  |TS  2|AC  0|TAMS 0x00000000bc900000, 0x00000000bc900000|
| 384|0x00000000bca00000, 0x00000000bca00000, 0x00000000bcb00000|  0%| F|  |TS  2|AC  0|TAMS 0x00000000bca00000, 0x00000000bca00000|
| 385|0x00000000bcb00000, 0x00000000bcb00000, 0x00000000bcc00000|  0%| F|  |TS  2|AC  0|TAMS 0x00000000bcb00000, 0x00000000bcb00000|
| 386|0x00000000bcc00000, 0x00000000bcc00000, 0x00000000bcd00000|  0%| F|  |TS  2|AC  0|TAMS 0x00000000bcc00000, 0x00000000bcc00000|
| 387|0x00000000bcd00000, 0x00000000bcd00000, 0x00000000bce00000|  0%| F|  |TS  2|AC  0|TAMS 0x00000000bcd00000, 0x00000000bcd00000|
| 388|0x00000000bce00000, 0x00000000bce00000, 0x00000000bcf00000|  0%| F|  |TS  2|AC  0|TAMS 0x00000000bce00000, 0x00000000bce00000|
| 389|0x00000000bcf00000, 0x00000000bcf00000, 0x00000000bd000000|  0%| F|  |TS  2|AC  0|TAMS 0x00000000bcf00000, 0x00000000bcf00000|
| 390|0x00000000bd000000, 0x00000000bd000000, 0x00000000bd100000|  0%| F|  |TS  2|AC  0|TAMS 0x00000000bd000000, 0x00000000bd000000|

Card table byte_map: [0x00007fd2a886c000,0x00007fd2a8b47000] byte_map_base: 0x00007fd2a8347000

Marking Bits (Prev, Next): (CMBitMap*) 0x00007fd2a404cd88, (CMBitMap*) 0x00007fd2a404cd50
 Prev Bits: [0x00007fd288d75000, 0x00007fd28a44d000)
 Next Bits: [0x00007fd28a44d000, 0x00007fd28bb25000)

Polling page: 0x00007fd2ad51e000

CodeHeap 'non-profiled nmethods': size=120032Kb used=406Kb max_used=406Kb free=119625Kb
 bounds [0x00007fd2935ed000, 0x00007fd29385d000, 0x00007fd29ab25000]
CodeHeap 'profiled nmethods': size=120032Kb used=2532Kb max_used=2532Kb free=117500Kb
 bounds [0x00007fd28c0b5000, 0x00007fd28c335000, 0x00007fd2935ed000]
CodeHeap 'non-nmethods': size=5696Kb used=1052Kb max_used=1094Kb free=4643Kb
 bounds [0x00007fd28bb25000, 0x00007fd28bd95000, 0x00007fd28c0b5000]
 total_blobs=1913 nmethods=1286 adapters=274
 compilation: enabled

Compilation events (10 events):
Event: 6.141 Thread 0x00007fd2a4126800 1280 %     3       SkipList::promoteNode @ 32 (292 bytes)
Event: 6.142 Thread 0x00007fd2a4126800 nmethod 1280% 0x00007fd28c329990 code [0x00007fd28c329c80, 0x00007fd28c32ae28]
Event: 6.149 Thread 0x00007fd2a4126800 1281       3       SkipList::promoteNode (292 bytes)
Event: 6.151 Thread 0x00007fd2a4126800 nmethod 1281 0x00007fd28c32b390 code [0x00007fd28c32b660, 0x00007fd28c32c748]
Event: 6.153 Thread 0x00007fd2a4124800 1282 %     4       SkipList::promoteNode @ 32 (292 bytes)
Event: 6.235 Thread 0x00007fd2a4124800 nmethod 1282% 0x00007fd293650c90 code [0x00007fd293650e60, 0x00007fd293651e58]
Event: 6.908 Thread 0x00007fd2a4126800 1284   !   3       java.lang.ref.ReferenceQueue::enqueue (119 bytes)
Event: 6.910 Thread 0x00007fd2a4126800 nmethod 1284 0x00007fd28c32cc10 code [0x00007fd28c32ce20, 0x00007fd28c32d5e8]
Event: 6.911 Thread 0x00007fd2a4126800 1286       3       java.lang.ref.ReferenceQueue::reallyPoll (65 bytes)
Event: 6.911 Thread 0x00007fd2a4126800 nmethod 1286 0x00007fd28c32d790 code [0x00007fd28c32d980, 0x00007fd28c32ded0]

GC Heap History (10 events):
Event: 8.236 GC heap after
{Heap after GC invocations=9 (full 0):
 garbage-first heap   total 243712K, used 114108K [0x00000000a4a00000, 0x0000000100000000)
  region size 1024K, 2 young (2048K), 2 survivors (2048K)
 Metaspace       used 12896K, capacity 13287K, committed 13568K, reserved 1060864K
  class space    used 1262K, capacity 1446K, committed 1536K, reserved 1048576K
}
Event: 8.381 GC heap before
{Heap before GC invocations=9 (full 0):
 garbage-first heap   total 243712K, used 134588K [0x00000000a4a00000, 0x0000000100000000)
  region size 1024K, 22 young (22528K), 2 survivors (2048K)
 Metaspace       used 12896K, capacity 13287K, committed 13568K, reserved 1060864K
  class space    used 1262K, capacity 1446K, committed 1536K, reserved 1048576K
}
Event: 8.531 GC heap after
{Heap after GC invocations=10 (full 0):
 garbage-first heap   total 400384K, used 135680K [0x00000000a4a00000, 0x0000000100000000)
  region size 1024K, 3 young (3072K), 3 survivors (3072K)
 Metaspace       used 12896K, capacity 13287K, committed 13568K, reserved 1060864K
  class space    used 1262K, capacity 1446K, committed 1536K, reserved 1048576K
}
Event: 8.741 GC heap before
{Heap before GC invocations=10 (full 0):
 garbage-first heap   total 400384K, used 158208K [0x00000000a4a00000, 0x0000000100000000)
  region size 1024K, 25 young (25600K), 3 survivors (3072K)
 Metaspace       used 12896K, capacity 13287K, committed 13568K, reserved 1060864K
  class space    used 1262K, capacity 1446K, committed 1536K, reserved 1048576K
}
Event: 8.930 GC heap after
{Heap after GC invocations=11 (full 0):
 garbage-first heap   total 400384K, used 159232K [0x00000000a4a00000, 0x0000000100000000)
  region size 1024K, 4 young (4096K), 4 survivors (4096K)
 Metaspace       used 12896K, capacity 13287K, committed 13568K, reserved 1060864K
  class space    used 1262K, capacity 1446K, committed 1536K, reserved 1048576K
}
Event: 9.074 GC heap before
{Heap before GC invocations=11 (full 0):
 garbage-first heap   total 400384K, used 179712K [0x00000000a4a00000, 0x0000000100000000)
  region size 1024K, 24 young (24576K), 4 survivors (4096K)
 Metaspace       used 12896K, capacity 13287K, committed 13568K, reserved 1060864K
  class space    used 1262K, capacity 1446K, committed 1536K, reserved 1048576K
}
Event: 9.270 GC heap after
{Heap after GC invocations=12 (full 0):
 garbage-first heap   total 400384K, used 180736K [0x00000000a4a00000, 0x0000000100000000)
  region size 1024K, 3 young (3072K), 3 survivors (3072K)
 Metaspace       used 12896K, capacity 13287K, committed 13568K, reserved 1060864K
  class space    used 1262K, capacity 1446K, committed 1536K, reserved 1048576K
}
Event: 9.394 GC heap before
{Heap before GC invocations=13 (full 0):
 garbage-first heap   total 400384K, used 204288K [0x00000000a4a00000, 0x0000000100000000)
  region size 1024K, 26 young (26624K), 3 survivors (3072K)
 Metaspace       used 12896K, capacity 13287K, committed 13568K, reserved 1060864K
  class space    used 1262K, capacity 1446K, committed 1536K, reserved 1048576K
}
Event: 9.568 GC heap after
{Heap after GC invocations=14 (full 0):
 garbage-first heap   total 400384K, used 205824K [0x00000000a4a00000, 0x0000000100000000)
  region size 1024K, 4 young (4096K), 4 survivors (4096K)
 Metaspace       used 12896K, capacity 13287K, committed 13568K, reserved 1060864K
  class space    used 1262K, capacity 1446K, committed 1536K, reserved 1048576K
}
Event: 9.643 GC heap before
{Heap before GC invocations=14 (full 0):
 garbage-first heap   total 400384K, used 221184K [0x00000000a4a00000, 0x0000000100000000)
  region size 1024K, 19 young (19456K), 4 survivors (4096K)
 Metaspace       used 12896K, capacity 13287K, committed 13568K, reserved 1060864K
  class space    used 1262K, capacity 1446K, committed 1536K, reserved 1048576K
}

Deoptimization events (10 events):
Event: 0.751 Thread 0x00007fd2a4012000 Uncommon trap: reason=unstable_if action=reinterpret pc=0x00007fd2935f1c6c method=java.lang.String.hashCode()I @ 14 c2
Event: 2.037 Thread 0x00007fd2a4012000 Uncommon trap: reason=unstable_if action=reinterpret pc=0x00007fd2935f3d8c method=java.lang.String.isLatin1()Z @ 10 c2
Event: 2.038 Thread 0x00007fd2a4012000 Uncommon trap: reason=unstable_if action=reinterpret pc=0x00007fd2935f3af8 method=java.lang.String.isLatin1()Z @ 10 c2
Event: 3.265 Thread 0x00007fd2a4012000 Uncommon trap: reason=unstable_if action=reinterpret pc=0x00007fd293604f1c method=java.math.BigInteger.addOne([IIII)I @ 55 c2
Event: 4.326 Thread 0x00007fd2a4012000 Uncommon trap: reason=unstable_if action=reinterpret pc=0x00007fd293619158 method=java.util.HashMap.putVal(ILjava/lang/Object;Ljava/lang/Object;ZZ)Ljava/lang/Object; @ 181 c2
Event: 4.596 Thread 0x00007fd2a4012000 Uncommon trap: reason=unstable_if action=reinterpret pc=0x00007fd29362bc9c method=java.util.HashMap.getNode(ILjava/lang/Object;)Ljava/util/HashMap$Node; @ 129 c2
Event: 4.628 Thread 0x00007fd2a4012000 Uncommon trap: reason=class_check action=maybe_recompile pc=0x00007fd29362da34 method=java.util.HashMap.putVal(ILjava/lang/Object;Ljava/lang/Object;ZZ)Ljava/lang/Object; @ 253 c2
Event: 4.629 Thread 0x00007fd2a4012000 Uncommon trap: reason=class_check action=maybe_recompile pc=0x00007fd29362da34 method=java.util.HashMap.putVal(ILjava/lang/Object;Ljava/lang/Object;ZZ)Ljava/lang/Object; @ 253 c2
Event: 4.674 Thread 0x00007fd2a4012000 Uncommon trap: reason=class_check action=maybe_recompile pc=0x00007fd29362da34 method=java.util.HashMap.putVal(ILjava/lang/Object;Ljava/lang/Object;ZZ)Ljava/lang/Object; @ 253 c2
Event: 4.766 Thread 0x00007fd2a4012000 Uncommon trap: reason=class_check action=maybe_recompile pc=0x00007fd29362da34 method=java.util.HashMap.putVal(ILjava/lang/Object;Ljava/lang/Object;ZZ)Ljava/lang/Object; @ 253 c2

Classes redefined (0 events):
No events

Internal exceptions (10 events):
Event: 5.191 Thread 0x00007fd2a4012000 Exception <a 'java/lang/NoSuchMethodError'{0x00000000aa4c5990}: java.lang.invoke.DirectMethodHandle$Holder.invokeInterface(Ljava/lang/Object;Ljava/lang/Object;Ljava/lang/Object;)V> (0x00000000aa4c5990) thrown at [/build/openjdk-lts-Ae5PRQ/openjdk-lts-10.0
Event: 5.355 Thread 0x00007fd2a4012000 Exception <a 'java/lang/NoSuchMethodError'{0x00000000aa3519c0}: java.lang.invoke.DirectMethodHandle$Holder.invokeInterface(Ljava/lang/Object;Ljava/lang/Object;Ljava/lang/Object;Ljava/lang/Object;)V> (0x00000000aa3519c0) thrown at [/build/openjdk-lts-Ae5PR
Event: 5.366 Thread 0x00007fd2a4012000 Exception <a 'java/lang/IncompatibleClassChangeError'{0x00000000aa354950}: Found class java.lang.Object, but interface was expected> (0x00000000aa354950) thrown at [/build/openjdk-lts-Ae5PRQ/openjdk-lts-10.0.2+13/src/hotspot/share/interpreter/linkResolver
Event: 5.451 Thread 0x00007fd2a4012000 Exception <a 'java/lang/NoSuchMethodError'{0x00000000aa3a97b8}: java.lang.Object.lambda$comparing$77a9974f$1(Ljava/util/function/Function;Ljava/lang/Object;Ljava/lang/Object;)I> (0x00000000aa3a97b8) thrown at [/build/openjdk-lts-Ae5PRQ/openjdk-lts-10.0.2+
Event: 5.452 Thread 0x00007fd2a4012000 Exception <a 'java/lang/NoSuchMethodError'{0x00000000aa3aab90}: java.lang.invoke.DirectMethodHandle$Holder.invokeSpecial(Ljava/lang/Object;Ljava/lang/Object;Ljava/lang/Object;Ljava/lang/Object;Ljava/lang/Object;Ljava/lang/Object;Ljava/lang/Object;Ljava/la
Event: 5.465 Thread 0x00007fd2a4012000 Exception <a 'java/lang/NoSuchMethodError'{0x00000000aa3af290}: java.lang.invoke.Invokers$Holder.invoke_MT(Ljava/lang/Object;Ljava/lang/Object;Ljava/lang/Object;Ljava/lang/Object;Ljava/lang/Object;Ljava/lang/Object;Ljava/lang/Object;Ljava/lang/Object;Ljav
Event: 5.477 Thread 0x00007fd2a4012000 Exception <a 'java/lang/NoSuchMethodError'{0x00000000aa3c1df0}: method resolution failed> (0x00000000aa3c1df0) thrown at [/build/openjdk-lts-Ae5PRQ/openjdk-lts-10.0.2+13/src/hotspot/share/prims/methodHandles.cpp, line 1226]
Event: 5.478 Thread 0x00007fd2a4012000 Exception <a 'java/lang/NoSuchMethodError'{0x00000000aa3c5430}: java.lang.Object.lambda$thenComparing$36697e65$1(Ljava/util/Comparator;Ljava/lang/Object;Ljava/lang/Object;)I> (0x00000000aa3c5430) thrown at [/build/openjdk-lts-Ae5PRQ/openjdk-lts-10.0.2+13/
Event: 5.571 Thread 0x00007fd2a4012000 Exception <a 'java/lang/NoSuchMethodError'{0x00000000aa25aae0}: java.lang.invoke.DirectMethodHandle$Holder.invokeSpecial(Ljava/lang/Object;Ljava/lang/Object;)V> (0x00000000aa25aae0) thrown at [/build/openjdk-lts-Ae5PRQ/openjdk-lts-10.0.2+13/src/hotspot/sh
Event: 5.831 Thread 0x00007fd2a4012000 Exception <a 'java/lang/NoSuchMethodError'{0x00000000aa128be0}: java.lang.Object.lambda$and$0(Ljava/util/function/Predicate;Ljava/lang/Object;)Z> (0x00000000aa128be0) thrown at [/build/openjdk-lts-Ae5PRQ/openjdk-lts-10.0.2+13/src/hotspot/share/interpreter

Events (10 events):
Event: 8.930 Executing VM operation: G1IncCollectionPause done
Event: 9.034 Executing VM operation: CGC_Operation
Event: 9.043 Executing VM operation: CGC_Operation done
Event: 9.071 Executing VM operation: G1IncCollectionPause
Event: 9.270 Executing VM operation: G1IncCollectionPause done
Event: 9.384 Executing VM operation: CGC_Operation
Event: 9.388 Executing VM operation: CGC_Operation done
Event: 9.391 Executing VM operation: G1IncCollectionPause
Event: 9.568 Executing VM operation: G1IncCollectionPause done
Event: 9.643 Executing VM operation: G1IncCollectionPause


Dynamic libraries:
a4a00000-bd100000 rw-p 00000000 00:00 0 
d7e00000-100000000 ---p 00000000 00:00 0 
100000000-100180000 rw-p 00000000 00:00 0 
100180000-140000000 ---p 00000000 00:00 0 
5613fda0d000-5613fda0e000 r-xp 00000000 08:01 7734178                    /usr/lib/jvm/java-11-openjdk-amd64/bin/java
5613fdc0e000-5613fdc0f000 r--p 00001000 08:01 7734178                    /usr/lib/jvm/java-11-openjdk-amd64/bin/java
5613fdc0f000-5613fdc10000 rw-p 00002000 08:01 7734178                    /usr/lib/jvm/java-11-openjdk-amd64/bin/java
5613ff907000-5613ff928000 rw-p 00000000 00:00 0                          [heap]
7fd228000000-7fd228021000 rw-p 00000000 00:00 0 
7fd228021000-7fd22c000000 ---p 00000000 00:00 0 
7fd22c000000-7fd22c021000 rw-p 00000000 00:00 0 
7fd22c021000-7fd230000000 ---p 00000000 00:00 0 
7fd230000000-7fd230021000 rw-p 00000000 00:00 0 
7fd230021000-7fd234000000 ---p 00000000 00:00 0 
7fd234000000-7fd234021000 rw-p 00000000 00:00 0 
7fd234021000-7fd238000000 ---p 00000000 00:00 0 
7fd238000000-7fd2387b5000 rw-p 00000000 00:00 0 
7fd2387b5000-7fd23c000000 ---p 00000000 00:00 0 
7fd23c000000-7fd23c021000 rw-p 00000000 00:00 0 
7fd23c021000-7fd240000000 ---p 00000000 00:00 0 
7fd240000000-7fd2403aa000 rw-p 00000000 00:00 0 
7fd2403aa000-7fd244000000 ---p 00000000 00:00 0 
7fd244000000-7fd244613000 rw-p 00000000 00:00 0 
7fd244613000-7fd248000000 ---p 00000000 00:00 0 
7fd248000000-7fd248021000 rw-p 00000000 00:00 0 
7fd248021000-7fd24c000000 ---p 00000000 00:00 0 
7fd24c000000-7fd24c021000 rw-p 00000000 00:00 0 
7fd24c021000-7fd250000000 ---p 00000000 00:00 0 
7fd250000000-7fd2500f5000 rw-p 00000000 00:00 0 
7fd2500f5000-7fd254000000 ---p 00000000 00:00 0 
7fd254000000-7fd254021000 rw-p 00000000 00:00 0 
7fd254021000-7fd258000000 ---p 00000000 00:00 0 
7fd258000000-7fd258021000 rw-p 00000000 00:00 0 
7fd258021000-7fd25c000000 ---p 00000000 00:00 0 
7fd25c000000-7fd25c021000 rw-p 00000000 00:00 0 
7fd25c021000-7fd260000000 ---p 00000000 00:00 0 
7fd260000000-7fd260021000 rw-p 00000000 00:00 0 
7fd260021000-7fd264000000 ---p 00000000 00:00 0 
7fd264000000-7fd264021000 rw-p 00000000 00:00 0 
7fd264021000-7fd268000000 ---p 00000000 00:00 0 
7fd268000000-7fd268021000 rw-p 00000000 00:00 0 
7fd268021000-7fd26c000000 ---p 00000000 00:00 0 
7fd26c000000-7fd26c021000 rw-p 00000000 00:00 0 
7fd26c021000-7fd270000000 ---p 00000000 00:00 0 
7fd27059a000-7fd27075a000 rw-p 00000000 00:00 0 
7fd27075a000-7fd27079a000 ---p 00000000 00:00 0 
7fd27079a000-7fd27079e000 ---p 00000000 00:00 0 
7fd27079e000-7fd27089b000 rw-p 00000000 00:00 0 
7fd27089b000-7fd27089c000 r-xp 00000000 08:01 7739040                    /usr/lib/jvm/java-11-openjdk-amd64/lib/libextnet.so
7fd27089c000-7fd270a9b000 ---p 00001000 08:01 7739040                    /usr/lib/jvm/java-11-openjdk-amd64/lib/libextnet.so
7fd270a9b000-7fd270a9c000 r--p 00000000 08:01 7739040                    /usr/lib/jvm/java-11-openjdk-amd64/lib/libextnet.so
7fd270a9c000-7fd270a9d000 rw-p 00001000 08:01 7739040                    /usr/lib/jvm/java-11-openjdk-amd64/lib/libextnet.so
7fd270a9d000-7fd270c9d000 rw-p 00000000 00:00 0 
7fd270c9d000-7fd270cce000 rw-p 00000000 00:00 0 
7fd270cce000-7fd270ce5000 r-xp 00000000 08:01 7742935                    /usr/lib/jvm/java-11-openjdk-amd64/lib/libnet.so
7fd270ce5000-7fd270ee4000 ---p 00017000 08:01 7742935                    /usr/lib/jvm/java-11-openjdk-amd64/lib/libnet.so
7fd270ee4000-7fd270ee5000 r--p 00016000 08:01 7742935                    /usr/lib/jvm/java-11-openjdk-amd64/lib/libnet.so
7fd270ee5000-7fd270ee6000 rw-p 00017000 08:01 7742935                    /usr/lib/jvm/java-11-openjdk-amd64/lib/libnet.so
7fd270ee6000-7fd270ef7000 r-xp 00000000 08:01 7742937                    /usr/lib/jvm/java-11-openjdk-amd64/lib/libnio.so
7fd270ef7000-7fd2710f6000 ---p 00011000 08:01 7742937                    /usr/lib/jvm/java-11-openjdk-amd64/lib/libnio.so
7fd2710f6000-7fd2710f7000 r--p 00010000 08:01 7742937                    /usr/lib/jvm/java-11-openjdk-amd64/lib/libnio.so
7fd2710f7000-7fd2710f8000 rw-p 00011000 08:01 7742937                    /usr/lib/jvm/java-11-openjdk-amd64/lib/libnio.so
7fd2710f8000-7fd2710fc000 ---p 00000000 00:00 0 
7fd2710fc000-7fd2711f9000 rw-p 00000000 00:00 0 
7fd2711f9000-7fd2711fa000 ---p 00000000 00:00 0 
7fd2711fa000-7fd2712fb000 rw-p 00000000 00:00 0 
7fd2712fb000-7fd2712ff000 ---p 00000000 00:00 0 
7fd2712ff000-7fd2713fc000 rw-p 00000000 00:00 0 
7fd2713fc000-7fd271400000 ---p 00000000 00:00 0 
7fd271400000-7fd2714fd000 rw-p 00000000 00:00 0 
7fd2714fd000-7fd271501000 ---p 00000000 00:00 0 
7fd271501000-7fd2715fe000 rw-p 00000000 00:00 0 
7fd2715fe000-7fd271602000 ---p 00000000 00:00 0 
7fd271602000-7fd2716ff000 rw-p 00000000 00:00 0 
7fd2716ff000-7fd271703000 ---p 00000000 00:00 0 
7fd271703000-7fd274000000 rw-p 00000000 00:00 0 
7fd274000000-7fd274167000 rw-p 00000000 00:00 0 
7fd274167000-7fd278000000 ---p 00000000 00:00 0 
7fd278000000-7fd278021000 rw-p 00000000 00:00 0 
7fd278021000-7fd27c000000 ---p 00000000 00:00 0 
7fd27c000000-7fd27c16f000 rw-p 00000000 00:00 0 
7fd27c16f000-7fd280000000 ---p 00000000 00:00 0 
7fd280000000-7fd2801af000 rw-p 00000000 00:00 0 
7fd2801af000-7fd284000000 ---p 00000000 00:00 0 
7fd284000000-7fd2841af000 rw-p 00000000 00:00 0 
7fd2841af000-7fd288000000 ---p 00000000 00:00 0 
7fd288011000-7fd288015000 ---p 00000000 00:00 0 
7fd288015000-7fd288112000 rw-p 00000000 00:00 0 
7fd288112000-7fd2883f0000 r--p 00000000 08:01 7739697                    /usr/lib/locale/locale-archive
7fd2883f0000-7fd2883f4000 ---p 00000000 00:00 0 
7fd2883f4000-7fd2884f1000 rw-p 00000000 00:00 0 
7fd2884f1000-7fd2884f5000 ---p 00000000 00:00 0 
7fd2884f5000-7fd2885f2000 rw-p 00000000 00:00 0 
7fd2885f2000-7fd2885f3000 ---p 00000000 00:00 0 
7fd2885f3000-7fd28876a000 rw-p 00000000 00:00 0 
7fd28876a000-7fd28876b000 ---p 00000000 00:00 0 
7fd28876b000-7fd28886c000 rw-p 00000000 00:00 0 
7fd28886c000-7fd28886d000 ---p 00000000 00:00 0 
7fd28886d000-7fd28896e000 rw-p 00000000 00:00 0 
7fd28896e000-7fd28896f000 ---p 00000000 00:00 0 
7fd28896f000-7fd288a70000 rw-p 00000000 00:00 0 
7fd288a70000-7fd288a71000 ---p 00000000 00:00 0 
7fd288a71000-7fd288b72000 rw-p 00000000 00:00 0 
7fd288b72000-7fd288b73000 ---p 00000000 00:00 0 
7fd288b73000-7fd289391000 rw-p 00000000 00:00 0 
7fd289391000-7fd28a44d000 ---p 00000000 00:00 0 
7fd28a44d000-7fd28aa69000 rw-p 00000000 00:00 0 
7fd28aa69000-7fd28bb25000 ---p 00000000 00:00 0 
7fd28bb25000-7fd28bd95000 rwxp 00000000 00:00 0 
7fd28bd95000-7fd28c0b5000 ---p 00000000 00:00 0 
7fd28c0b5000-7fd28c335000 rwxp 00000000 00:00 0 
7fd28c335000-7fd2935ed000 ---p 00000000 00:00 0 
7fd2935ed000-7fd29385d000 rwxp 00000000 00:00 0 
7fd29385d000-7fd29ab25000 ---p 00000000 00:00 0 
7fd29ab25000-7fd2a4000000 r--s 00000000 08:01 7742955                    /usr/lib/jvm/java-11-openjdk-amd64/lib/modules
7fd2a4000000-7fd2a43f2000 rw-p 00000000 00:00 0 
7fd2a43f2000-7fd2a8000000 ---p 00000000 00:00 0 
7fd2a802f000-7fd2a838d000 rw-p 00000000 00:00 0 
7fd2a838d000-7fd2a838e000 ---p 00000000 00:00 0 
7fd2a838e000-7fd2a848f000 rw-p 00000000 00:00 0 
7fd2a848f000-7fd2a8490000 ---p 00000000 00:00 0 
7fd2a8490000-7fd2a8655000 rw-p 00000000 00:00 0 
7fd2a8655000-7fd2a886c000 ---p 00000000 00:00 0 
7fd2a886c000-7fd2a8930000 rw-p 00000000 00:00 0 
7fd2a8930000-7fd2a8b47000 ---p 00000000 00:00 0 
7fd2a8b47000-7fd2a8c0b000 rw-p 00000000 00:00 0 
7fd2a8c0b000-7fd2a8e22000 ---p 00000000 00:00 0 
7fd2a8e22000-7fd2a9226000 rw-p 00000000 00:00 0 
7fd2a9226000-7fd2a9227000 ---p 00000000 00:00 0 
7fd2a9227000-7fd2a9328000 rw-p 00000000 00:00 0 
7fd2a9328000-7fd2a9329000 ---p 00000000 00:00 0 
7fd2a9329000-7fd2a942a000 rw-p 00000000 00:00 0 
7fd2a942a000-7fd2a942b000 ---p 00000000 00:00 0 
7fd2a942b000-7fd2a952c000 rw-p 00000000 00:00 0 
7fd2a952c000-7fd2a952d000 ---p 00000000 00:00 0 
7fd2a952d000-7fd2a9633000 rw-p 00000000 00:00 0 
7fd2a9633000-7fd2a9719000 ---p 00000000 00:00 0 
7fd2a9719000-7fd2a971e000 rw-p 00000000 00:00 0 
7fd2a971e000-7fd2a9804000 ---p 00000000 00:00 0 
7fd2a9804000-7fd2a9809000 r-xp 00000000 08:01 7742919                    /usr/lib/jvm/java-11-openjdk-amd64/lib/libjimage.so
7fd2a9809000-7fd2a9a08000 ---p 00005000 08:01 7742919                    /usr/lib/jvm/java-11-openjdk-amd64/lib/libjimage.so
7fd2a9a08000-7fd2a9a09000 r--p 00004000 08:01 7742919                    /usr/lib/jvm/java-11-openjdk-amd64/lib/libjimage.so
7fd2a9a09000-7fd2a9a0a000 rw-p 00005000 08:01 7742919                    /usr/lib/jvm/java-11-openjdk-amd64/lib/libjimage.so
7fd2a9a0a000-7fd2a9a11000 r-xp 00000000 08:01 7742953                    /usr/lib/jvm/java-11-openjdk-amd64/lib/libzip.so
7fd2a9a11000-7fd2a9c10000 ---p 00007000 08:01 7742953                    /usr/lib/jvm/java-11-openjdk-amd64/lib/libzip.so
7fd2a9c10000-7fd2a9c11000 r--p 00006000 08:01 7742953                    /usr/lib/jvm/java-11-openjdk-amd64/lib/libzip.so
7fd2a9c11000-7fd2a9c12000 rw-p 00007000 08:01 7742953                    /usr/lib/jvm/java-11-openjdk-amd64/lib/libzip.so
7fd2a9c12000-7fd2a9c1d000 r-xp 00000000 08:01 8131253                    /lib/x86_64-linux-gnu/libnss_files-2.27.so
7fd2a9c1d000-7fd2a9e1c000 ---p 0000b000 08:01 8131253                    /lib/x86_64-linux-gnu/libnss_files-2.27.so
7fd2a9e1c000-7fd2a9e1d000 r--p 0000a000 08:01 8131253                    /lib/x86_64-linux-gnu/libnss_files-2.27.so
7fd2a9e1d000-7fd2a9e1e000 rw-p 0000b000 08:01 8131253                    /lib/x86_64-linux-gnu/libnss_files-2.27.so
7fd2a9e1e000-7fd2a9e24000 rw-p 00000000 00:00 0 
7fd2a9e24000-7fd2a9e3b000 r-xp 00000000 08:01 8131247                    /lib/x86_64-linux-gnu/libnsl-2.27.so
7fd2a9e3b000-7fd2aa03a000 ---p 00017000 08:01 8131247                    /lib/x86_64-linux-gnu/libnsl-2.27.so
7fd2aa03a000-7fd2aa03b000 r--p 00016000 08:01 8131247                    /lib/x86_64-linux-gnu/libnsl-2.27.so
7fd2aa03b000-7fd2aa03c000 rw-p 00017000 08:01 8131247                    /lib/x86_64-linux-gnu/libnsl-2.27.so
7fd2aa03c000-7fd2aa03e000 rw-p 00000000 00:00 0 
7fd2aa03e000-7fd2aa049000 r-xp 00000000 08:01 8131264                    /lib/x86_64-linux-gnu/libnss_nis-2.27.so
7fd2aa049000-7fd2aa248000 ---p 0000b000 08:01 8131264                    /lib/x86_64-linux-gnu/libnss_nis-2.27.so
7fd2aa248000-7fd2aa249000 r--p 0000a000 08:01 8131264                    /lib/x86_64-linux-gnu/libnss_nis-2.27.so
7fd2aa249000-7fd2aa24a000 rw-p 0000b000 08:01 8131264                    /lib/x86_64-linux-gnu/libnss_nis-2.27.so
7fd2aa24a000-7fd2aa252000 r-xp 00000000 08:01 8131249                    /lib/x86_64-linux-gnu/libnss_compat-2.27.so
7fd2aa252000-7fd2aa452000 ---p 00008000 08:01 8131249                    /lib/x86_64-linux-gnu/libnss_compat-2.27.so
7fd2aa452000-7fd2aa453000 r--p 00008000 08:01 8131249                    /lib/x86_64-linux-gnu/libnss_compat-2.27.so
7fd2aa453000-7fd2aa454000 rw-p 00009000 08:01 8131249                    /lib/x86_64-linux-gnu/libnss_compat-2.27.so
7fd2aa454000-7fd2aa480000 r-xp 00000000 08:01 7739055                    /usr/lib/jvm/java-11-openjdk-amd64/lib/libjava.so
7fd2aa480000-7fd2aa67f000 ---p 0002c000 08:01 7739055                    /usr/lib/jvm/java-11-openjdk-amd64/lib/libjava.so
7fd2aa67f000-7fd2aa680000 r--p 0002b000 08:01 7739055                    /usr/lib/jvm/java-11-openjdk-amd64/lib/libjava.so
7fd2aa680000-7fd2aa682000 rw-p 0002c000 08:01 7739055                    /usr/lib/jvm/java-11-openjdk-amd64/lib/libjava.so
7fd2aa682000-7fd2aa68f000 r-xp 00000000 08:01 7742951                    /usr/lib/jvm/java-11-openjdk-amd64/lib/libverify.so
7fd2aa68f000-7fd2aa88e000 ---p 0000d000 08:01 7742951                    /usr/lib/jvm/java-11-openjdk-amd64/lib/libverify.so
7fd2aa88e000-7fd2aa890000 r--p 0000c000 08:01 7742951                    /usr/lib/jvm/java-11-openjdk-amd64/lib/libverify.so
7fd2aa890000-7fd2aa891000 rw-p 0000e000 08:01 7742951                    /usr/lib/jvm/java-11-openjdk-amd64/lib/libverify.so
7fd2aa891000-7fd2aa898000 r-xp 00000000 08:01 8131304                    /lib/x86_64-linux-gnu/librt-2.27.so
7fd2aa898000-7fd2aaa97000 ---p 00007000 08:01 8131304                    /lib/x86_64-linux-gnu/librt-2.27.so
7fd2aaa97000-7fd2aaa98000 r--p 00006000 08:01 8131304                    /lib/x86_64-linux-gnu/librt-2.27.so
7fd2aaa98000-7fd2aaa99000 rw-p 00007000 08:01 8131304                    /lib/x86_64-linux-gnu/librt-2.27.so
7fd2aaa99000-7fd2aaab0000 r-xp 00000000 08:01 8126513                    /lib/x86_64-linux-gnu/libgcc_s.so.1
7fd2aaab0000-7fd2aacaf000 ---p 00017000 08:01 8126513                    /lib/x86_64-linux-gnu/libgcc_s.so.1
7fd2aacaf000-7fd2aacb0000 r--p 00016000 08:01 8126513                    /lib/x86_64-linux-gnu/libgcc_s.so.1
7fd2aacb0000-7fd2aacb1000 rw-p 00017000 08:01 8126513                    /lib/x86_64-linux-gnu/libgcc_s.so.1
7fd2aacb1000-7fd2aae4e000 r-xp 00000000 08:01 8131226                    /lib/x86_64-linux-gnu/libm-2.27.so
7fd2aae4e000-7fd2ab04d000 ---p 0019d000 08:01 8131226                    /lib/x86_64-linux-gnu/libm-2.27.so
7fd2ab04d000-7fd2ab04e000 r--p 0019c000 08:01 8131226                    /lib/x86_64-linux-gnu/libm-2.27.so
7fd2ab04e000-7fd2ab04f000 rw-p 0019d000 08:01 8131226                    /lib/x86_64-linux-gnu/libm-2.27.so
7fd2ab04f000-7fd2ab1c8000 r-xp 00000000 08:01 7734490                    /usr/lib/x86_64-linux-gnu/libstdc++.so.6.0.25
7fd2ab1c8000-7fd2ab3c8000 ---p 00179000 08:01 7734490                    /usr/lib/x86_64-linux-gnu/libstdc++.so.6.0.25
7fd2ab3c8000-7fd2ab3d2000 r--p 00179000 08:01 7734490                    /usr/lib/x86_64-linux-gnu/libstdc++.so.6.0.25
7fd2ab3d2000-7fd2ab3d4000 rw-p 00183000 08:01 7734490                    /usr/lib/x86_64-linux-gnu/libstdc++.so.6.0.25
7fd2ab3d4000-7fd2ab3d8000 rw-p 00000000 00:00 0 
7fd2ab3d8000-7fd2ac375000 r-xp 00000000 08:01 7742961                    /usr/lib/jvm/java-11-openjdk-amd64/lib/server/libjvm.so
7fd2ac375000-7fd2ac575000 ---p 00f9d000 08:01 7742961                    /usr/lib/jvm/java-11-openjdk-amd64/lib/server/libjvm.so
7fd2ac575000-7fd2ac639000 r--p 00f9d000 08:01 7742961                    /usr/lib/jvm/java-11-openjdk-amd64/lib/server/libjvm.so
7fd2ac639000-7fd2ac671000 rw-p 01061000 08:01 7742961                    /usr/lib/jvm/java-11-openjdk-amd64/lib/server/libjvm.so
7fd2ac671000-7fd2ac6ba000 rw-p 00000000 00:00 0 
7fd2ac6ba000-7fd2ac6d4000 r-xp 00000000 08:01 8131296                    /lib/x86_64-linux-gnu/libpthread-2.27.so
7fd2ac6d4000-7fd2ac8d3000 ---p 0001a000 08:01 8131296                    /lib/x86_64-linux-gnu/libpthread-2.27.so
7fd2ac8d3000-7fd2ac8d4000 r--p 00019000 08:01 8131296                    /lib/x86_64-linux-gnu/libpthread-2.27.so
7fd2ac8d4000-7fd2ac8d5000 rw-p 0001a000 08:01 8131296                    /lib/x86_64-linux-gnu/libpthread-2.27.so
7fd2ac8d5000-7fd2ac8d9000 rw-p 00000000 00:00 0 
7fd2ac8d9000-7fd2ac8dc000 r-xp 00000000 08:01 8131186                    /lib/x86_64-linux-gnu/libdl-2.27.so
7fd2ac8dc000-7fd2acadb000 ---p 00003000 08:01 8131186                    /lib/x86_64-linux-gnu/libdl-2.27.so
7fd2acadb000-7fd2acadc000 r--p 00002000 08:01 8131186                    /lib/x86_64-linux-gnu/libdl-2.27.so
7fd2acadc000-7fd2acadd000 rw-p 00003000 08:01 8131186                    /lib/x86_64-linux-gnu/libdl-2.27.so
7fd2acadd000-7fd2acaf9000 r-xp 00000000 08:01 8131337                    /lib/x86_64-linux-gnu/libz.so.1.2.11
7fd2acaf9000-7fd2accf8000 ---p 0001c000 08:01 8131337                    /lib/x86_64-linux-gnu/libz.so.1.2.11
7fd2accf8000-7fd2accf9000 r--p 0001b000 08:01 8131337                    /lib/x86_64-linux-gnu/libz.so.1.2.11
7fd2accf9000-7fd2accfa000 rw-p 0001c000 08:01 8131337                    /lib/x86_64-linux-gnu/libz.so.1.2.11
7fd2accfa000-7fd2acee1000 r-xp 00000000 08:01 8131163                    /lib/x86_64-linux-gnu/libc-2.27.so
7fd2acee1000-7fd2ad0e1000 ---p 001e7000 08:01 8131163                    /lib/x86_64-linux-gnu/libc-2.27.so
7fd2ad0e1000-7fd2ad0e5000 r--p 001e7000 08:01 8131163                    /lib/x86_64-linux-gnu/libc-2.27.so
7fd2ad0e5000-7fd2ad0e7000 rw-p 001eb000 08:01 8131163                    /lib/x86_64-linux-gnu/libc-2.27.so
7fd2ad0e7000-7fd2ad0eb000 rw-p 00000000 00:00 0 
7fd2ad0eb000-7fd2ad0fa000 r-xp 00000000 08:01 7739022                    /usr/lib/jvm/java-11-openjdk-amd64/lib/jli/libjli.so
7fd2ad0fa000-7fd2ad2f9000 ---p 0000f000 08:01 7739022                    /usr/lib/jvm/java-11-openjdk-amd64/lib/jli/libjli.so
7fd2ad2f9000-7fd2ad2fa000 r--p 0000e000 08:01 7739022                    /usr/lib/jvm/java-11-openjdk-amd64/lib/jli/libjli.so
7fd2ad2fa000-7fd2ad2fb000 rw-p 0000f000 08:01 7739022                    /usr/lib/jvm/java-11-openjdk-amd64/lib/jli/libjli.so
7fd2ad2fb000-7fd2ad322000 r-xp 00000000 08:01 8131135                    /lib/x86_64-linux-gnu/ld-2.27.so
7fd2ad34b000-7fd2ad400000 rw-p 00000000 00:00 0 
7fd2ad400000-7fd2ad404000 ---p 00000000 00:00 0 
7fd2ad404000-7fd2ad503000 rw-p 00000000 00:00 0 
7fd2ad509000-7fd2ad50f000 rw-p 00000000 00:00 0 
7fd2ad50f000-7fd2ad516000 ---p 00000000 00:00 0 
7fd2ad516000-7fd2ad51e000 rw-s 00000000 08:01 1456835                    /tmp/hsperfdata_jordan/26517
7fd2ad51e000-7fd2ad51f000 ---p 00000000 00:00 0 
7fd2ad51f000-7fd2ad520000 r--p 00000000 00:00 0 
7fd2ad520000-7fd2ad522000 rw-p 00000000 00:00 0 
7fd2ad522000-7fd2ad523000 r--p 00027000 08:01 8131135                    /lib/x86_64-linux-gnu/ld-2.27.so
7fd2ad523000-7fd2ad524000 rw-p 00028000 08:01 8131135                    /lib/x86_64-linux-gnu/ld-2.27.so
7fd2ad524000-7fd2ad525000 rw-p 00000000 00:00 0 
7ffcb63fa000-7ffcb641b000 rw-p 00000000 00:00 0                          [stack]
7ffcb654c000-7ffcb654f000 r--p 00000000 00:00 0                          [vvar]
7ffcb654f000-7ffcb6551000 r-xp 00000000 00:00 0                          [vdso]
ffffffffff600000-ffffffffff601000 r-xp 00000000 00:00 0                  [vsyscall]


VM Arguments:
jvm_args: -ea -Dfile.encoding=UTF-8 
java_command: org.eclipse.jdt.internal.junit.runner.RemoteTestRunner -version 3 -port 42015 -testLoaderClass org.eclipse.jdt.internal.junit5.runner.JUnit5TestLoader -loaderpluginname org.eclipse.jdt.junit5.runtime -classNames SkipTest
java_class_path (initial): /home/jordan/Desktop/JakjmWorkspace/EECS 2011 Skip List/bin:/home/jordan/.p2/pool/plugins/org.junit.jupiter.api_5.3.1.v20181005-1442.jar:/home/jordan/.p2/pool/plugins/org.junit.jupiter.engine_5.3.1.v20181005-1442.jar:/home/jordan/.p2/pool/plugins/org.junit.jupiter.migrationsupport_5.3.1.v20181005-1442.jar:/home/jordan/.p2/pool/plugins/org.junit.jupiter.params_5.3.1.v20181005-1442.jar:/home/jordan/.p2/pool/plugins/org.junit.platform.commons_1.3.1.v20181005-1442.jar:/home/jordan/.p2/pool/plugins/org.junit.platform.engine_1.3.1.v20181005-1442.jar:/home/jordan/.p2/pool/plugins/org.junit.platform.launcher_1.3.1.v20181005-1442.jar:/home/jordan/.p2/pool/plugins/org.junit.platform.runner_1.3.1.v20181005-1442.jar:/home/jordan/.p2/pool/plugins/org.junit.platform.suite.api_1.3.1.v20181005-1442.jar:/home/jordan/.p2/pool/plugins/org.junit.vintage.engine_5.3.1.v20181005-1442.jar:/home/jordan/.p2/pool/plugins/org.opentest4j_1.1.1.v20181005-1442.jar:/home/jordan/.p2/pool/plugins/org.apiguardian_1.0.0.v20181005-1442.jar:/home/jordan/.p2/pool/plugins/org.junit_4.12.0.v201504281640/junit.jar:/home/jordan/.p2/pool/plugins/org.hamcrest.core_1.3.0.v20180420-1519.jar:/home/jordan/eclipse/java-2018-12/eclipse/configuration/org.eclipse.osgi/215/0/.cp:/home/jordan/eclipse/java-2018-12/eclipse/configuration/org.eclipse.osgi/213/0/.cp
Launcher Type: SUN_STANDARD

Logging:
Log output configuration:
#0: stdout all=warning uptime,level,tags
#1: stderr all=off uptime,level,tags

Environment Variables:
JAVA_HOME=/usr/lib/jvm/java-1.11.0-openjdk-amd64
PATH=/usr/lib/jvm/java-1.11.0-openjdk-amd64/bin:/usr/local/sbin:/usr/local/bin:/usr/sbin:/usr/bin:/sbin:/bin:/usr/games:/usr/local/games
SHELL=/bin/bash
DISPLAY=:0

Signal Handlers:
SIGSEGV: [libjvm.so+0xd28b70], sa_mask[0]=11111111011111111101111111111110, sa_flags=SA_RESTART|SA_SIGINFO
SIGBUS: [libjvm.so+0xd28b70], sa_mask[0]=11111111011111111101111111111110, sa_flags=SA_RESTART|SA_SIGINFO
SIGFPE: [libjvm.so+0xd28b70], sa_mask[0]=11111111011111111101111111111110, sa_flags=SA_RESTART|SA_SIGINFO
SIGPIPE: [libjvm.so+0xb2a1f0], sa_mask[0]=11111111011111111101111111111110, sa_flags=SA_RESTART|SA_SIGINFO
SIGXFSZ: [libjvm.so+0xb2a1f0], sa_mask[0]=11111111011111111101111111111110, sa_flags=SA_RESTART|SA_SIGINFO
SIGILL: [libjvm.so+0xd28b70], sa_mask[0]=11111111011111111101111111111110, sa_flags=SA_RESTART|SA_SIGINFO
SIGUSR2: [libjvm.so+0xb2a030], sa_mask[0]=00100000000000000000000000000000, sa_flags=SA_RESTART|SA_SIGINFO
SIGHUP: [libjvm.so+0xb2a180], sa_mask[0]=11111111011111111101111111111110, sa_flags=SA_RESTART|SA_SIGINFO
SIGINT: [libjvm.so+0xb2a180], sa_mask[0]=11111111011111111101111111111110, sa_flags=SA_RESTART|SA_SIGINFO
SIGTERM: [libjvm.so+0xb2a180], sa_mask[0]=11111111011111111101111111111110, sa_flags=SA_RESTART|SA_SIGINFO
SIGQUIT: [libjvm.so+0xb2a180], sa_mask[0]=11111111011111111101111111111110, sa_flags=SA_RESTART|SA_SIGINFO


---------------  S Y S T E M  ---------------

OS:DISTRIB_ID=LinuxMint
DISTRIB_RELEASE=19
DISTRIB_CODENAME=tara
DISTRIB_DESCRIPTION="Linux Mint 19 Tara"
uname:Linux 4.15.0-43-generic #46-Ubuntu SMP Thu Dec 6 14:45:28 UTC 2018 x86_64
libc:glibc 2.27 NPTL 2.27 
rlimit: STACK 8192k, CORE 0k, NPROC 23121, NOFILE 1048576, AS infinity, DATA infinity, FSIZE infinity
load average:15.06 8.03 3.61

/proc/meminfo:
MemTotal:        5983684 kB
MemFree:          127760 kB
MemAvailable:      36312 kB
Buffers:             720 kB
Cached:            88780 kB
SwapCached:         6348 kB
Active:          4952116 kB
Inactive:         719044 kB
Active(anon):    4930180 kB
Inactive(anon):   705360 kB
Active(file):      21936 kB
Inactive(file):    13684 kB
Unevictable:          64 kB
Mlocked:              64 kB
SwapTotal:       2097148 kB
SwapFree:         329592 kB
Dirty:               228 kB
Writeback:           592 kB
AnonPages:       5576108 kB
Mapped:            34860 kB
Shmem:             53416 kB
Slab:              75420 kB
SReclaimable:      33900 kB
SUnreclaim:        41520 kB
KernelStack:       11648 kB
PageTables:        46400 kB
NFS_Unstable:          0 kB
Bounce:                0 kB
WritebackTmp:          0 kB
CommitLimit:     5088988 kB
Committed_AS:   10442224 kB
VmallocTotal:   34359738367 kB
VmallocUsed:           0 kB
VmallocChunk:          0 kB
HardwareCorrupted:     0 kB
AnonHugePages:         0 kB
ShmemHugePages:        0 kB
ShmemPmdMapped:        0 kB
CmaTotal:              0 kB
CmaFree:               0 kB
HugePages_Total:       0
HugePages_Free:        0
HugePages_Rsvd:        0
HugePages_Surp:        0
Hugepagesize:       2048 kB
DirectMap4k:      163456 kB
DirectMap2M:     6008832 kB

container (cgroup) information:
container_type: cgroupv1
cpu_cpuset_cpus: 0-3
cpu_memory_nodes: 0
active_processor_count: 4
cpu_quota: -1
cpu_period: 100000
cpu_shares: -1
memory_limit_in_bytes: -1
memory_and_swap_limit_in_bytes: -2
memory_soft_limit_in_bytes: -1
memory_usage_in_bytes: 5805350912
memory_max_usage_in_bytes: 0


CPU:total 4 (initial active 4) (2 cores per cpu, 2 threads per core) family 6 model 42 stepping 7, cmov, cx8, fxsr, mmx, sse, sse2, sse3, ssse3, sse4.1, sse4.2, popcnt, avx, aes, clmul, ht, tsc, tscinvbit
CPU Model and flags from /proc/cpuinfo:
model name	: Intel(R) Core(TM) i5-2520M CPU @ 2.50GHz
flags		: fpu vme de pse tsc msr pae mce cx8 apic sep mtrr pge mca cmov pat pse36 clflush dts acpi mmx fxsr sse sse2 ss ht tm pbe syscall nx rdtscp lm constant_tsc arch_perfmon pebs bts nopl xtopology nonstop_tsc cpuid aperfmperf pni pclmulqdq dtes64 monitor ds_cpl vmx smx est tm2 ssse3 cx16 xtpr pdcm pcid sse4_1 sse4_2 x2apic popcnt tsc_deadline_timer aes xsave avx lahf_lm epb pti ssbd ibrs ibpb stibp tpr_shadow vnmi flexpriority ept vpid xsaveopt dtherm ida arat pln pts flush_l1d

Memory: 4k page, physical 5983684k(127760k free), swap 2097148k(329848k free)

vm_info: OpenJDK 64-Bit Server VM (10.0.2+13-Ubuntu-1ubuntu0.18.04.4) for linux-amd64 JRE (10.0.2+13-Ubuntu-1ubuntu0.18.04.4), built on Nov 13 2018 12:53:39 by "buildd" with gcc 7.3.0

END.
